2022-12-19 06:41:45,920 INFO org.hibernate.validator.internal.util.Version [background-preinit] HV000001: Hibernate Validator 6.2.5.Final
2022-12-19 06:41:45,989 INFO org.springframework.boot.StartupInfoLogger [main] Starting DataJpaBooksProjectApplication using Java 17.0.4.1 on LAPTOP-836RRBLI with PID 4224 (C:\Users\Admin\Documents\workspace-spring-tool-suite-4-4.16.0.RELEASE\repo\data-jpa-Books-project\target\classes started by Admin in C:\Users\Admin\Documents\workspace-spring-tool-suite-4-4.16.0.RELEASE\repo\data-jpa-Books-project)
2022-12-19 06:41:45,998 INFO org.springframework.boot.SpringApplication [main] No active profile set, falling back to 1 default profile: "default"
2022-12-19 06:41:47,855 INFO org.springframework.data.repository.config.RepositoryConfigurationDelegate [main] Bootstrapping Spring Data JPA repositories in DEFAULT mode.
2022-12-19 06:41:47,968 INFO org.springframework.data.repository.config.RepositoryConfigurationDelegate [main] Finished Spring Data repository scanning in 100 ms. Found 2 JPA repository interfaces.
2022-12-19 06:41:49,070 INFO org.springframework.boot.web.embedded.tomcat.TomcatWebServer [main] Tomcat initialized with port(s): 8082 (http)
2022-12-19 06:41:49,072 INFO org.apache.juli.logging.DirectJDKLog [main] Loaded Apache Tomcat Native library [1.2.33] using APR version [1.7.0].
2022-12-19 06:41:49,073 INFO org.apache.juli.logging.DirectJDKLog [main] APR capabilities: IPv6 [true], sendfile [true], accept filters [false], random [true], UDS [true].
2022-12-19 06:41:49,073 INFO org.apache.juli.logging.DirectJDKLog [main] APR/OpenSSL configuration: useAprConnector [false], useOpenSSL [true]
2022-12-19 06:41:49,080 INFO org.apache.juli.logging.DirectJDKLog [main] OpenSSL successfully initialized [OpenSSL 1.1.1o  3 May 2022]
2022-12-19 06:41:49,097 INFO org.apache.juli.logging.DirectJDKLog [main] Initializing ProtocolHandler ["http-nio-8082"]
2022-12-19 06:41:49,097 INFO org.apache.juli.logging.DirectJDKLog [main] Starting service [Tomcat]
2022-12-19 06:41:49,098 INFO org.apache.juli.logging.DirectJDKLog [main] Starting Servlet engine: [Apache Tomcat/9.0.68]
2022-12-19 06:41:49,371 INFO org.apache.juli.logging.DirectJDKLog [main] Initializing Spring embedded WebApplicationContext
2022-12-19 06:41:49,372 INFO org.springframework.boot.web.servlet.context.ServletWebServerApplicationContext [main] Root WebApplicationContext: initialization completed in 3291 ms
2022-12-19 06:41:49,982 INFO org.flywaydb.core.internal.logging.slf4j.Slf4jLog [main] Flyway Community Edition 8.5.13 by Redgate
2022-12-19 06:41:49,983 INFO org.flywaydb.core.internal.logging.slf4j.Slf4jLog [main] See what's new here: https://flywaydb.org/documentation/learnmore/releaseNotes#8.5.13
2022-12-19 06:41:49,983 INFO org.flywaydb.core.internal.logging.slf4j.Slf4jLog [main] 
2022-12-19 06:41:49,990 ERROR org.flywaydb.core.internal.logging.slf4j.Slf4jLog [main] Skipping filesystem location:\another\migration\directory (not found).
2022-12-19 06:41:49,995 INFO org.flywaydb.core.internal.logging.slf4j.Slf4jLog [main] 2 SQL migrations were detected but not run because they did not follow the filename convention.
2022-12-19 06:41:49,995 INFO org.flywaydb.core.internal.logging.slf4j.Slf4jLog [main] If this is in error, enable debug logging or 'validateMigrationNaming' to fail fast and see a list of the invalid file names.
2022-12-19 06:41:49,999 INFO com.zaxxer.hikari.HikariDataSource [main] HikariPool-1 - Starting...
2022-12-19 06:41:50,655 INFO com.zaxxer.hikari.HikariDataSource [main] HikariPool-1 - Start completed.
2022-12-19 06:41:50,729 INFO org.flywaydb.core.internal.logging.slf4j.Slf4jLog [main] Database: jdbc:mysql://localhost:3306/book (MySQL 8.0)
2022-12-19 06:41:50,871 INFO org.flywaydb.core.internal.logging.slf4j.Slf4jLog [main] Successfully validated 1 migration (execution time 00:00.052s)
2022-12-19 06:41:50,904 INFO org.flywaydb.core.internal.logging.slf4j.Slf4jLog [main] Current version of schema `book`: 1
2022-12-19 06:41:50,906 INFO org.flywaydb.core.internal.logging.slf4j.Slf4jLog [main] Schema `book` is up to date. No migration necessary.
2022-12-19 06:41:51,067 INFO org.hibernate.jpa.internal.util.LogHelper [main] HHH000204: Processing PersistenceUnitInfo [name: default]
2022-12-19 06:41:51,232 INFO org.hibernate.Version [main] HHH000412: Hibernate ORM core version 5.6.12.Final
2022-12-19 06:41:51,647 INFO org.hibernate.annotations.common.reflection.java.JavaReflectionManager [main] HCANN000001: Hibernate Commons Annotations {5.1.2.Final}
2022-12-19 06:41:51,912 INFO org.hibernate.dialect.Dialect [main] HHH000400: Using dialect: org.hibernate.dialect.MySQL8Dialect
2022-12-19 06:41:53,545 INFO org.hibernate.engine.transaction.jta.platform.internal.JtaPlatformInitiator [main] HHH000490: Using JtaPlatform implementation: [org.hibernate.engine.transaction.jta.platform.internal.NoJtaPlatform]
2022-12-19 06:41:53,563 INFO org.springframework.orm.jpa.AbstractEntityManagerFactoryBean [main] Initialized JPA EntityManagerFactory for persistence unit 'default'
2022-12-19 06:41:54,759 WARN org.springframework.boot.autoconfigure.orm.jpa.JpaBaseConfiguration$JpaWebConfiguration [main] spring.jpa.open-in-view is enabled by default. Therefore, database queries may be performed during view rendering. Explicitly configure spring.jpa.open-in-view to disable this warning
2022-12-19 06:41:56,190 INFO org.springframework.boot.actuate.endpoint.web.EndpointLinksResolver [main] Exposing 15 endpoint(s) beneath base path '/actuator'
2022-12-19 06:41:56,300 INFO org.apache.juli.logging.DirectJDKLog [main] Starting ProtocolHandler ["http-nio-8082"]
2022-12-19 06:41:56,351 INFO org.springframework.boot.web.embedded.tomcat.TomcatWebServer [main] Tomcat started on port(s): 8082 (http) with context path ''
2022-12-19 06:41:56,397 INFO org.springframework.boot.StartupInfoLogger [main] Started DataJpaBooksProjectApplication in 11.274 seconds (JVM running for 24.729)
2022-12-19 06:41:56,587 DEBUG org.hibernate.engine.jdbc.spi.SqlStatementLogger [main] 
    insert 
    into
        authers
        (created_by, created_date, is_deleted, last_modified_by, last_modified_date, status_code, email, image_path, ip_address, name) 
    values
        (?, ?, ?, ?, ?, ?, ?, ?, ?, ?)
2022-12-19 06:41:56,622 DEBUG org.hibernate.engine.jdbc.spi.SqlStatementLogger [main] 
    insert 
    into
        authers
        (created_by, created_date, is_deleted, last_modified_by, last_modified_date, status_code, email, image_path, ip_address, name) 
    values
        (?, ?, ?, ?, ?, ?, ?, ?, ?, ?)
2022-12-19 06:41:56,626 DEBUG org.hibernate.engine.jdbc.spi.SqlStatementLogger [main] 
    insert 
    into
        authers
        (created_by, created_date, is_deleted, last_modified_by, last_modified_date, status_code, email, image_path, ip_address, name) 
    values
        (?, ?, ?, ?, ?, ?, ?, ?, ?, ?)
2022-12-19 06:41:56,700 DEBUG org.hibernate.engine.jdbc.spi.SqlStatementLogger [main] 
    insert 
    into
        books
        (created_by, created_date, is_deleted, last_modified_by, last_modified_date, status_code, auther_id, name, price) 
    values
        (?, ?, ?, ?, ?, ?, ?, ?, ?)
2022-12-19 06:41:56,710 DEBUG org.hibernate.engine.jdbc.spi.SqlStatementLogger [main] 
    insert 
    into
        books
        (created_by, created_date, is_deleted, last_modified_by, last_modified_date, status_code, auther_id, name, price) 
    values
        (?, ?, ?, ?, ?, ?, ?, ?, ?)
2022-12-19 06:41:56,714 DEBUG org.hibernate.engine.jdbc.spi.SqlStatementLogger [main] 
    insert 
    into
        books
        (created_by, created_date, is_deleted, last_modified_by, last_modified_date, status_code, auther_id, name, price) 
    values
        (?, ?, ?, ?, ?, ?, ?, ?, ?)
2022-12-19 06:41:58,661 INFO org.apache.juli.logging.DirectJDKLog [RMI TCP Connection(9)-127.0.0.1] Initializing Spring DispatcherServlet 'dispatcherServlet'
2022-12-19 06:41:58,661 INFO org.springframework.web.servlet.FrameworkServlet [RMI TCP Connection(9)-127.0.0.1] Initializing Servlet 'dispatcherServlet'
2022-12-19 06:41:58,664 INFO org.springframework.web.servlet.FrameworkServlet [RMI TCP Connection(9)-127.0.0.1] Completed initialization in 2 ms
2022-12-19 06:42:00,427 INFO com.globale.book.Service.PriceSchedule [scheduling-1] compute Discount >> 2022-12-19T06:42:00.427786700
