2022-12-16 10:08:47,441 INFO org.hibernate.validator.internal.util.Version [background-preinit] HV000001: Hibernate Validator 6.2.5.Final
2022-12-16 10:08:47,520 INFO org.springframework.boot.StartupInfoLogger [main] Starting DataJpaBooksProjectApplication using Java 17.0.4.1 on LAPTOP-836RRBLI with PID 796 (C:\Users\Admin\Documents\workspace-spring-tool-suite-4-4.16.0.RELEASE\repo\data-jpa-Books-project\target\classes started by Admin in C:\Users\Admin\Documents\workspace-spring-tool-suite-4-4.16.0.RELEASE\repo\data-jpa-Books-project)
2022-12-16 10:08:47,521 INFO org.springframework.boot.SpringApplication [main] No active profile set, falling back to 1 default profile: "default"
2022-12-16 10:08:49,706 INFO org.springframework.data.repository.config.RepositoryConfigurationDelegate [main] Bootstrapping Spring Data JPA repositories in DEFAULT mode.
2022-12-16 10:08:49,871 INFO org.springframework.data.repository.config.RepositoryConfigurationDelegate [main] Finished Spring Data repository scanning in 142 ms. Found 2 JPA repository interfaces.
2022-12-16 10:08:50,913 INFO org.springframework.boot.web.embedded.tomcat.TomcatWebServer [main] Tomcat initialized with port(s): 8082 (http)
2022-12-16 10:08:50,916 INFO org.apache.juli.logging.DirectJDKLog [main] Loaded Apache Tomcat Native library [1.2.33] using APR version [1.7.0].
2022-12-16 10:08:50,916 INFO org.apache.juli.logging.DirectJDKLog [main] APR capabilities: IPv6 [true], sendfile [true], accept filters [false], random [true], UDS [true].
2022-12-16 10:08:50,916 INFO org.apache.juli.logging.DirectJDKLog [main] APR/OpenSSL configuration: useAprConnector [false], useOpenSSL [true]
2022-12-16 10:08:50,940 INFO org.apache.juli.logging.DirectJDKLog [main] OpenSSL successfully initialized [OpenSSL 1.1.1o  3 May 2022]
2022-12-16 10:08:50,956 INFO org.apache.juli.logging.DirectJDKLog [main] Initializing ProtocolHandler ["http-nio-8082"]
2022-12-16 10:08:50,956 INFO org.apache.juli.logging.DirectJDKLog [main] Starting service [Tomcat]
2022-12-16 10:08:50,957 INFO org.apache.juli.logging.DirectJDKLog [main] Starting Servlet engine: [Apache Tomcat/9.0.68]
2022-12-16 10:08:51,231 INFO org.apache.juli.logging.DirectJDKLog [main] Initializing Spring embedded WebApplicationContext
2022-12-16 10:08:51,232 INFO org.springframework.boot.web.servlet.context.ServletWebServerApplicationContext [main] Root WebApplicationContext: initialization completed in 3629 ms
2022-12-16 10:08:51,811 INFO org.flywaydb.core.internal.logging.slf4j.Slf4jLog [main] Flyway Community Edition 8.5.13 by Redgate
2022-12-16 10:08:51,812 INFO org.flywaydb.core.internal.logging.slf4j.Slf4jLog [main] See what's new here: https://flywaydb.org/documentation/learnmore/releaseNotes#8.5.13
2022-12-16 10:08:51,812 INFO org.flywaydb.core.internal.logging.slf4j.Slf4jLog [main] 
2022-12-16 10:08:51,824 ERROR org.flywaydb.core.internal.logging.slf4j.Slf4jLog [main] Skipping filesystem location:\another\migration\directory (not found).
2022-12-16 10:08:51,835 INFO org.flywaydb.core.internal.logging.slf4j.Slf4jLog [main] 2 SQL migrations were detected but not run because they did not follow the filename convention.
2022-12-16 10:08:51,836 INFO org.flywaydb.core.internal.logging.slf4j.Slf4jLog [main] If this is in error, enable debug logging or 'validateMigrationNaming' to fail fast and see a list of the invalid file names.
2022-12-16 10:08:51,841 INFO com.zaxxer.hikari.HikariDataSource [main] HikariPool-1 - Starting...
2022-12-16 10:08:52,401 INFO com.zaxxer.hikari.HikariDataSource [main] HikariPool-1 - Start completed.
2022-12-16 10:08:52,460 INFO org.flywaydb.core.internal.logging.slf4j.Slf4jLog [main] Database: jdbc:mysql://localhost:3306/book (MySQL 8.0)
2022-12-16 10:08:52,532 INFO org.flywaydb.core.internal.logging.slf4j.Slf4jLog [main] Successfully validated 1 migration (execution time 00:00.027s)
2022-12-16 10:08:52,555 INFO org.flywaydb.core.internal.logging.slf4j.Slf4jLog [main] Current version of schema `book`: 1
2022-12-16 10:08:52,557 INFO org.flywaydb.core.internal.logging.slf4j.Slf4jLog [main] Schema `book` is up to date. No migration necessary.
2022-12-16 10:08:52,719 INFO org.hibernate.jpa.internal.util.LogHelper [main] HHH000204: Processing PersistenceUnitInfo [name: default]
2022-12-16 10:08:52,845 INFO org.hibernate.Version [main] HHH000412: Hibernate ORM core version 5.6.12.Final
2022-12-16 10:08:53,298 INFO org.hibernate.annotations.common.reflection.java.JavaReflectionManager [main] HCANN000001: Hibernate Commons Annotations {5.1.2.Final}
2022-12-16 10:08:53,565 INFO org.hibernate.dialect.Dialect [main] HHH000400: Using dialect: org.hibernate.dialect.MySQL8Dialect
2022-12-16 10:08:55,195 INFO org.hibernate.engine.transaction.jta.platform.internal.JtaPlatformInitiator [main] HHH000490: Using JtaPlatform implementation: [org.hibernate.engine.transaction.jta.platform.internal.NoJtaPlatform]
2022-12-16 10:08:55,215 INFO org.springframework.orm.jpa.AbstractEntityManagerFactoryBean [main] Initialized JPA EntityManagerFactory for persistence unit 'default'
2022-12-16 10:08:56,220 WARN org.springframework.context.support.AbstractApplicationContext [main] Exception encountered during context initialization - cancelling refresh attempt: org.springframework.beans.factory.UnsatisfiedDependencyException: Error creating bean with name 'fileUploadController': Unsatisfied dependency expressed through field 'fileUploadService'; nested exception is org.springframework.beans.factory.UnsatisfiedDependencyException: Error creating bean with name 'fileUploadService': Unsatisfied dependency expressed through field 'amazonS3'; nested exception is org.springframework.beans.factory.NoSuchBeanDefinitionException: No qualifying bean of type 'com.amazonaws.services.s3.AmazonS3' available: expected at least 1 bean which qualifies as autowire candidate. Dependency annotations: {@org.springframework.beans.factory.annotation.Autowired(required=true)}
2022-12-16 10:08:56,222 INFO org.springframework.orm.jpa.AbstractEntityManagerFactoryBean [main] Closing JPA EntityManagerFactory for persistence unit 'default'
2022-12-16 10:08:56,226 INFO com.zaxxer.hikari.HikariDataSource [main] HikariPool-1 - Shutdown initiated...
2022-12-16 10:08:56,249 INFO com.zaxxer.hikari.HikariDataSource [main] HikariPool-1 - Shutdown completed.
2022-12-16 10:08:56,253 INFO org.apache.juli.logging.DirectJDKLog [main] Stopping service [Tomcat]
2022-12-16 10:08:56,287 INFO org.springframework.boot.autoconfigure.logging.ConditionEvaluationReportLoggingListener [main] 

Error starting ApplicationContext. To display the conditions report re-run your application with 'debug' enabled.
2022-12-16 10:08:56,332 ERROR org.springframework.boot.diagnostics.LoggingFailureAnalysisReporter [main] 

***************************
APPLICATION FAILED TO START
***************************

Description:

Field amazonS3 in com.globale.book.Service.FileUploadService required a bean of type 'com.amazonaws.services.s3.AmazonS3' that could not be found.

The injection point has the following annotations:
	- @org.springframework.beans.factory.annotation.Autowired(required=true)


Action:

Consider defining a bean of type 'com.amazonaws.services.s3.AmazonS3' in your configuration.

2022-12-16 10:10:18,791 INFO org.hibernate.validator.internal.util.Version [background-preinit] HV000001: Hibernate Validator 6.2.5.Final
2022-12-16 10:10:18,905 INFO org.springframework.boot.StartupInfoLogger [main] Starting DataJpaBooksProjectApplication using Java 17.0.4.1 on LAPTOP-836RRBLI with PID 4176 (C:\Users\Admin\Documents\workspace-spring-tool-suite-4-4.16.0.RELEASE\repo\data-jpa-Books-project\target\classes started by Admin in C:\Users\Admin\Documents\workspace-spring-tool-suite-4-4.16.0.RELEASE\repo\data-jpa-Books-project)
2022-12-16 10:10:18,907 INFO org.springframework.boot.SpringApplication [main] No active profile set, falling back to 1 default profile: "default"
2022-12-16 10:10:20,342 INFO org.springframework.data.repository.config.RepositoryConfigurationDelegate [main] Bootstrapping Spring Data JPA repositories in DEFAULT mode.
2022-12-16 10:10:20,474 INFO org.springframework.data.repository.config.RepositoryConfigurationDelegate [main] Finished Spring Data repository scanning in 115 ms. Found 2 JPA repository interfaces.
2022-12-16 10:10:21,409 INFO org.springframework.boot.web.embedded.tomcat.TomcatWebServer [main] Tomcat initialized with port(s): 8082 (http)
2022-12-16 10:10:21,411 INFO org.apache.juli.logging.DirectJDKLog [main] Loaded Apache Tomcat Native library [1.2.33] using APR version [1.7.0].
2022-12-16 10:10:21,412 INFO org.apache.juli.logging.DirectJDKLog [main] APR capabilities: IPv6 [true], sendfile [true], accept filters [false], random [true], UDS [true].
2022-12-16 10:10:21,412 INFO org.apache.juli.logging.DirectJDKLog [main] APR/OpenSSL configuration: useAprConnector [false], useOpenSSL [true]
2022-12-16 10:10:21,417 INFO org.apache.juli.logging.DirectJDKLog [main] OpenSSL successfully initialized [OpenSSL 1.1.1o  3 May 2022]
2022-12-16 10:10:21,431 INFO org.apache.juli.logging.DirectJDKLog [main] Initializing ProtocolHandler ["http-nio-8082"]
2022-12-16 10:10:21,432 INFO org.apache.juli.logging.DirectJDKLog [main] Starting service [Tomcat]
2022-12-16 10:10:21,433 INFO org.apache.juli.logging.DirectJDKLog [main] Starting Servlet engine: [Apache Tomcat/9.0.68]
2022-12-16 10:10:21,623 INFO org.apache.juli.logging.DirectJDKLog [main] Initializing Spring embedded WebApplicationContext
2022-12-16 10:10:21,624 INFO org.springframework.boot.web.servlet.context.ServletWebServerApplicationContext [main] Root WebApplicationContext: initialization completed in 2598 ms
2022-12-16 10:10:22,116 INFO org.flywaydb.core.internal.logging.slf4j.Slf4jLog [main] Flyway Community Edition 8.5.13 by Redgate
2022-12-16 10:10:22,117 INFO org.flywaydb.core.internal.logging.slf4j.Slf4jLog [main] See what's new here: https://flywaydb.org/documentation/learnmore/releaseNotes#8.5.13
2022-12-16 10:10:22,117 INFO org.flywaydb.core.internal.logging.slf4j.Slf4jLog [main] 
2022-12-16 10:10:22,126 ERROR org.flywaydb.core.internal.logging.slf4j.Slf4jLog [main] Skipping filesystem location:\another\migration\directory (not found).
2022-12-16 10:10:22,131 INFO org.flywaydb.core.internal.logging.slf4j.Slf4jLog [main] 2 SQL migrations were detected but not run because they did not follow the filename convention.
2022-12-16 10:10:22,132 INFO org.flywaydb.core.internal.logging.slf4j.Slf4jLog [main] If this is in error, enable debug logging or 'validateMigrationNaming' to fail fast and see a list of the invalid file names.
2022-12-16 10:10:22,135 INFO com.zaxxer.hikari.HikariDataSource [main] HikariPool-1 - Starting...
2022-12-16 10:10:22,807 INFO com.zaxxer.hikari.HikariDataSource [main] HikariPool-1 - Start completed.
2022-12-16 10:10:22,882 INFO org.flywaydb.core.internal.logging.slf4j.Slf4jLog [main] Database: jdbc:mysql://localhost:3306/book (MySQL 8.0)
2022-12-16 10:10:22,947 INFO org.flywaydb.core.internal.logging.slf4j.Slf4jLog [main] Successfully validated 1 migration (execution time 00:00.020s)
2022-12-16 10:10:22,966 INFO org.flywaydb.core.internal.logging.slf4j.Slf4jLog [main] Current version of schema `book`: 1
2022-12-16 10:10:22,967 INFO org.flywaydb.core.internal.logging.slf4j.Slf4jLog [main] Schema `book` is up to date. No migration necessary.
2022-12-16 10:10:23,066 INFO org.hibernate.jpa.internal.util.LogHelper [main] HHH000204: Processing PersistenceUnitInfo [name: default]
2022-12-16 10:10:23,138 INFO org.hibernate.Version [main] HHH000412: Hibernate ORM core version 5.6.12.Final
2022-12-16 10:10:23,343 INFO org.hibernate.annotations.common.reflection.java.JavaReflectionManager [main] HCANN000001: Hibernate Commons Annotations {5.1.2.Final}
2022-12-16 10:10:23,469 INFO org.hibernate.dialect.Dialect [main] HHH000400: Using dialect: org.hibernate.dialect.MySQL8Dialect
2022-12-16 10:10:24,539 INFO org.hibernate.engine.transaction.jta.platform.internal.JtaPlatformInitiator [main] HHH000490: Using JtaPlatform implementation: [org.hibernate.engine.transaction.jta.platform.internal.NoJtaPlatform]
2022-12-16 10:10:24,555 INFO org.springframework.orm.jpa.AbstractEntityManagerFactoryBean [main] Initialized JPA EntityManagerFactory for persistence unit 'default'
2022-12-16 10:10:25,392 WARN org.springframework.context.support.AbstractApplicationContext [main] Exception encountered during context initialization - cancelling refresh attempt: org.springframework.beans.factory.UnsatisfiedDependencyException: Error creating bean with name 'fileUploadController': Unsatisfied dependency expressed through field 'fileUploadService'; nested exception is org.springframework.beans.factory.UnsatisfiedDependencyException: Error creating bean with name 'fileUploadService': Unsatisfied dependency expressed through field 'amazonS3'; nested exception is org.springframework.beans.factory.NoSuchBeanDefinitionException: No qualifying bean of type 'com.amazonaws.services.s3.AmazonS3' available: expected at least 1 bean which qualifies as autowire candidate. Dependency annotations: {@org.springframework.beans.factory.annotation.Autowired(required=true)}
2022-12-16 10:10:25,394 INFO org.springframework.orm.jpa.AbstractEntityManagerFactoryBean [main] Closing JPA EntityManagerFactory for persistence unit 'default'
2022-12-16 10:10:25,398 INFO com.zaxxer.hikari.HikariDataSource [main] HikariPool-1 - Shutdown initiated...
2022-12-16 10:10:25,414 INFO com.zaxxer.hikari.HikariDataSource [main] HikariPool-1 - Shutdown completed.
2022-12-16 10:10:25,418 INFO org.apache.juli.logging.DirectJDKLog [main] Stopping service [Tomcat]
2022-12-16 10:10:25,451 INFO org.springframework.boot.autoconfigure.logging.ConditionEvaluationReportLoggingListener [main] 

Error starting ApplicationContext. To display the conditions report re-run your application with 'debug' enabled.
2022-12-16 10:10:25,494 ERROR org.springframework.boot.diagnostics.LoggingFailureAnalysisReporter [main] 

***************************
APPLICATION FAILED TO START
***************************

Description:

Field amazonS3 in com.globale.book.Service.FileUploadService required a bean of type 'com.amazonaws.services.s3.AmazonS3' that could not be found.

The injection point has the following annotations:
	- @org.springframework.beans.factory.annotation.Autowired(required=true)


Action:

Consider defining a bean of type 'com.amazonaws.services.s3.AmazonS3' in your configuration.

2022-12-16 10:13:09,696 INFO org.hibernate.validator.internal.util.Version [background-preinit] HV000001: Hibernate Validator 6.2.5.Final
2022-12-16 10:13:09,765 INFO org.springframework.boot.StartupInfoLogger [main] Starting DataJpaBooksProjectApplication using Java 17.0.4.1 on LAPTOP-836RRBLI with PID 2132 (C:\Users\Admin\Documents\workspace-spring-tool-suite-4-4.16.0.RELEASE\repo\data-jpa-Books-project\target\classes started by Admin in C:\Users\Admin\Documents\workspace-spring-tool-suite-4-4.16.0.RELEASE\repo\data-jpa-Books-project)
2022-12-16 10:13:09,766 INFO org.springframework.boot.SpringApplication [main] No active profile set, falling back to 1 default profile: "default"
2022-12-16 10:13:11,338 INFO org.springframework.data.repository.config.RepositoryConfigurationDelegate [main] Bootstrapping Spring Data JPA repositories in DEFAULT mode.
2022-12-16 10:13:11,471 INFO org.springframework.data.repository.config.RepositoryConfigurationDelegate [main] Finished Spring Data repository scanning in 116 ms. Found 2 JPA repository interfaces.
2022-12-16 10:13:12,541 INFO org.springframework.boot.web.embedded.tomcat.TomcatWebServer [main] Tomcat initialized with port(s): 8082 (http)
2022-12-16 10:13:12,544 INFO org.apache.juli.logging.DirectJDKLog [main] Loaded Apache Tomcat Native library [1.2.33] using APR version [1.7.0].
2022-12-16 10:13:12,545 INFO org.apache.juli.logging.DirectJDKLog [main] APR capabilities: IPv6 [true], sendfile [true], accept filters [false], random [true], UDS [true].
2022-12-16 10:13:12,546 INFO org.apache.juli.logging.DirectJDKLog [main] APR/OpenSSL configuration: useAprConnector [false], useOpenSSL [true]
2022-12-16 10:13:12,552 INFO org.apache.juli.logging.DirectJDKLog [main] OpenSSL successfully initialized [OpenSSL 1.1.1o  3 May 2022]
2022-12-16 10:13:12,571 INFO org.apache.juli.logging.DirectJDKLog [main] Initializing ProtocolHandler ["http-nio-8082"]
2022-12-16 10:13:12,573 INFO org.apache.juli.logging.DirectJDKLog [main] Starting service [Tomcat]
2022-12-16 10:13:12,574 INFO org.apache.juli.logging.DirectJDKLog [main] Starting Servlet engine: [Apache Tomcat/9.0.68]
2022-12-16 10:13:12,878 INFO org.apache.juli.logging.DirectJDKLog [main] Initializing Spring embedded WebApplicationContext
2022-12-16 10:13:12,879 INFO org.springframework.boot.web.servlet.context.ServletWebServerApplicationContext [main] Root WebApplicationContext: initialization completed in 3033 ms
2022-12-16 10:13:13,445 INFO org.flywaydb.core.internal.logging.slf4j.Slf4jLog [main] Flyway Community Edition 8.5.13 by Redgate
2022-12-16 10:13:13,445 INFO org.flywaydb.core.internal.logging.slf4j.Slf4jLog [main] See what's new here: https://flywaydb.org/documentation/learnmore/releaseNotes#8.5.13
2022-12-16 10:13:13,446 INFO org.flywaydb.core.internal.logging.slf4j.Slf4jLog [main] 
2022-12-16 10:13:13,454 ERROR org.flywaydb.core.internal.logging.slf4j.Slf4jLog [main] Skipping filesystem location:\another\migration\directory (not found).
2022-12-16 10:13:13,460 INFO org.flywaydb.core.internal.logging.slf4j.Slf4jLog [main] 2 SQL migrations were detected but not run because they did not follow the filename convention.
2022-12-16 10:13:13,460 INFO org.flywaydb.core.internal.logging.slf4j.Slf4jLog [main] If this is in error, enable debug logging or 'validateMigrationNaming' to fail fast and see a list of the invalid file names.
2022-12-16 10:13:13,464 INFO com.zaxxer.hikari.HikariDataSource [main] HikariPool-1 - Starting...
2022-12-16 10:13:14,034 INFO com.zaxxer.hikari.HikariDataSource [main] HikariPool-1 - Start completed.
2022-12-16 10:13:14,105 INFO org.flywaydb.core.internal.logging.slf4j.Slf4jLog [main] Database: jdbc:mysql://localhost:3306/book (MySQL 8.0)
2022-12-16 10:13:14,187 INFO org.flywaydb.core.internal.logging.slf4j.Slf4jLog [main] Successfully validated 1 migration (execution time 00:00.033s)
2022-12-16 10:13:14,216 INFO org.flywaydb.core.internal.logging.slf4j.Slf4jLog [main] Current version of schema `book`: 1
2022-12-16 10:13:14,218 INFO org.flywaydb.core.internal.logging.slf4j.Slf4jLog [main] Schema `book` is up to date. No migration necessary.
2022-12-16 10:13:14,402 INFO org.hibernate.jpa.internal.util.LogHelper [main] HHH000204: Processing PersistenceUnitInfo [name: default]
2022-12-16 10:13:14,494 INFO org.hibernate.Version [main] HHH000412: Hibernate ORM core version 5.6.12.Final
2022-12-16 10:13:14,735 INFO org.hibernate.annotations.common.reflection.java.JavaReflectionManager [main] HCANN000001: Hibernate Commons Annotations {5.1.2.Final}
2022-12-16 10:13:14,866 INFO org.hibernate.dialect.Dialect [main] HHH000400: Using dialect: org.hibernate.dialect.MySQL8Dialect
2022-12-16 10:13:15,820 INFO org.hibernate.engine.transaction.jta.platform.internal.JtaPlatformInitiator [main] HHH000490: Using JtaPlatform implementation: [org.hibernate.engine.transaction.jta.platform.internal.NoJtaPlatform]
2022-12-16 10:13:15,837 INFO org.springframework.orm.jpa.AbstractEntityManagerFactoryBean [main] Initialized JPA EntityManagerFactory for persistence unit 'default'
2022-12-16 10:13:16,535 WARN org.springframework.context.support.AbstractApplicationContext [main] Exception encountered during context initialization - cancelling refresh attempt: org.springframework.beans.factory.UnsatisfiedDependencyException: Error creating bean with name 'fileUploadController': Unsatisfied dependency expressed through field 'fileUploadService'; nested exception is org.springframework.beans.factory.UnsatisfiedDependencyException: Error creating bean with name 'fileUploadService': Unsatisfied dependency expressed through field 'amazonS3'; nested exception is org.springframework.beans.factory.BeanCurrentlyInCreationException: Error creating bean with name 'fileUploadService': Requested bean is currently in creation: Is there an unresolvable circular reference?
2022-12-16 10:13:16,536 INFO org.springframework.orm.jpa.AbstractEntityManagerFactoryBean [main] Closing JPA EntityManagerFactory for persistence unit 'default'
2022-12-16 10:13:16,539 INFO com.zaxxer.hikari.HikariDataSource [main] HikariPool-1 - Shutdown initiated...
2022-12-16 10:13:16,549 INFO com.zaxxer.hikari.HikariDataSource [main] HikariPool-1 - Shutdown completed.
2022-12-16 10:13:16,553 INFO org.apache.juli.logging.DirectJDKLog [main] Stopping service [Tomcat]
2022-12-16 10:13:16,573 INFO org.springframework.boot.autoconfigure.logging.ConditionEvaluationReportLoggingListener [main] 

Error starting ApplicationContext. To display the conditions report re-run your application with 'debug' enabled.
2022-12-16 10:13:16,596 ERROR org.springframework.boot.diagnostics.LoggingFailureAnalysisReporter [main] 

***************************
APPLICATION FAILED TO START
***************************

Description:

The dependencies of some of the beans in the application context form a cycle:

   fileUploadController (field private com.globale.book.Service.FileUploadService com.globale.book.Controller.FileUploadController.fileUploadService)
┌─────┐
|  fileUploadService (field private com.amazonaws.services.s3.AmazonS3 com.globale.book.Service.FileUploadService.amazonS3)
└─────┘


Action:

Relying upon circular references is discouraged and they are prohibited by default. Update your application to remove the dependency cycle between beans. As a last resort, it may be possible to break the cycle automatically by setting spring.main.allow-circular-references to true.

2022-12-16 10:14:17,403 INFO org.hibernate.validator.internal.util.Version [background-preinit] HV000001: Hibernate Validator 6.2.5.Final
2022-12-16 10:14:17,470 INFO org.springframework.boot.StartupInfoLogger [main] Starting DataJpaBooksProjectApplication using Java 17.0.4.1 on LAPTOP-836RRBLI with PID 10740 (C:\Users\Admin\Documents\workspace-spring-tool-suite-4-4.16.0.RELEASE\repo\data-jpa-Books-project\target\classes started by Admin in C:\Users\Admin\Documents\workspace-spring-tool-suite-4-4.16.0.RELEASE\repo\data-jpa-Books-project)
2022-12-16 10:14:17,471 INFO org.springframework.boot.SpringApplication [main] No active profile set, falling back to 1 default profile: "default"
2022-12-16 10:14:19,132 INFO org.springframework.data.repository.config.RepositoryConfigurationDelegate [main] Bootstrapping Spring Data JPA repositories in DEFAULT mode.
2022-12-16 10:14:19,261 INFO org.springframework.data.repository.config.RepositoryConfigurationDelegate [main] Finished Spring Data repository scanning in 112 ms. Found 2 JPA repository interfaces.
2022-12-16 10:14:20,285 INFO org.springframework.boot.web.embedded.tomcat.TomcatWebServer [main] Tomcat initialized with port(s): 8082 (http)
2022-12-16 10:14:20,287 INFO org.apache.juli.logging.DirectJDKLog [main] Loaded Apache Tomcat Native library [1.2.33] using APR version [1.7.0].
2022-12-16 10:14:20,288 INFO org.apache.juli.logging.DirectJDKLog [main] APR capabilities: IPv6 [true], sendfile [true], accept filters [false], random [true], UDS [true].
2022-12-16 10:14:20,289 INFO org.apache.juli.logging.DirectJDKLog [main] APR/OpenSSL configuration: useAprConnector [false], useOpenSSL [true]
2022-12-16 10:14:20,298 INFO org.apache.juli.logging.DirectJDKLog [main] OpenSSL successfully initialized [OpenSSL 1.1.1o  3 May 2022]
2022-12-16 10:14:20,316 INFO org.apache.juli.logging.DirectJDKLog [main] Initializing ProtocolHandler ["http-nio-8082"]
2022-12-16 10:14:20,317 INFO org.apache.juli.logging.DirectJDKLog [main] Starting service [Tomcat]
2022-12-16 10:14:20,318 INFO org.apache.juli.logging.DirectJDKLog [main] Starting Servlet engine: [Apache Tomcat/9.0.68]
2022-12-16 10:14:20,542 INFO org.apache.juli.logging.DirectJDKLog [main] Initializing Spring embedded WebApplicationContext
2022-12-16 10:14:20,542 INFO org.springframework.boot.web.servlet.context.ServletWebServerApplicationContext [main] Root WebApplicationContext: initialization completed in 2994 ms
2022-12-16 10:14:21,010 INFO org.flywaydb.core.internal.logging.slf4j.Slf4jLog [main] Flyway Community Edition 8.5.13 by Redgate
2022-12-16 10:14:21,011 INFO org.flywaydb.core.internal.logging.slf4j.Slf4jLog [main] See what's new here: https://flywaydb.org/documentation/learnmore/releaseNotes#8.5.13
2022-12-16 10:14:21,011 INFO org.flywaydb.core.internal.logging.slf4j.Slf4jLog [main] 
2022-12-16 10:14:21,018 ERROR org.flywaydb.core.internal.logging.slf4j.Slf4jLog [main] Skipping filesystem location:\another\migration\directory (not found).
2022-12-16 10:14:21,022 INFO org.flywaydb.core.internal.logging.slf4j.Slf4jLog [main] 2 SQL migrations were detected but not run because they did not follow the filename convention.
2022-12-16 10:14:21,023 INFO org.flywaydb.core.internal.logging.slf4j.Slf4jLog [main] If this is in error, enable debug logging or 'validateMigrationNaming' to fail fast and see a list of the invalid file names.
2022-12-16 10:14:21,026 INFO com.zaxxer.hikari.HikariDataSource [main] HikariPool-1 - Starting...
2022-12-16 10:14:21,626 INFO com.zaxxer.hikari.HikariDataSource [main] HikariPool-1 - Start completed.
2022-12-16 10:14:21,697 INFO org.flywaydb.core.internal.logging.slf4j.Slf4jLog [main] Database: jdbc:mysql://localhost:3306/book (MySQL 8.0)
2022-12-16 10:14:21,781 INFO org.flywaydb.core.internal.logging.slf4j.Slf4jLog [main] Successfully validated 1 migration (execution time 00:00.032s)
2022-12-16 10:14:21,811 INFO org.flywaydb.core.internal.logging.slf4j.Slf4jLog [main] Current version of schema `book`: 1
2022-12-16 10:14:21,814 INFO org.flywaydb.core.internal.logging.slf4j.Slf4jLog [main] Schema `book` is up to date. No migration necessary.
2022-12-16 10:14:21,999 INFO org.hibernate.jpa.internal.util.LogHelper [main] HHH000204: Processing PersistenceUnitInfo [name: default]
2022-12-16 10:14:22,096 INFO org.hibernate.Version [main] HHH000412: Hibernate ORM core version 5.6.12.Final
2022-12-16 10:14:22,387 INFO org.hibernate.annotations.common.reflection.java.JavaReflectionManager [main] HCANN000001: Hibernate Commons Annotations {5.1.2.Final}
2022-12-16 10:14:22,618 INFO org.hibernate.dialect.Dialect [main] HHH000400: Using dialect: org.hibernate.dialect.MySQL8Dialect
2022-12-16 10:14:23,839 INFO org.hibernate.engine.transaction.jta.platform.internal.JtaPlatformInitiator [main] HHH000490: Using JtaPlatform implementation: [org.hibernate.engine.transaction.jta.platform.internal.NoJtaPlatform]
2022-12-16 10:14:23,857 INFO org.springframework.orm.jpa.AbstractEntityManagerFactoryBean [main] Initialized JPA EntityManagerFactory for persistence unit 'default'
2022-12-16 10:14:24,539 WARN org.springframework.context.support.AbstractApplicationContext [main] Exception encountered during context initialization - cancelling refresh attempt: org.springframework.beans.factory.UnsatisfiedDependencyException: Error creating bean with name 'fileUploadController': Unsatisfied dependency expressed through field 'fileUploadService'; nested exception is org.springframework.beans.factory.UnsatisfiedDependencyException: Error creating bean with name 'fileUploadService': Unsatisfied dependency expressed through field 'amazonS3'; nested exception is org.springframework.beans.factory.NoSuchBeanDefinitionException: No qualifying bean of type 'com.amazonaws.services.s3.AmazonS3' available: expected at least 1 bean which qualifies as autowire candidate. Dependency annotations: {@org.springframework.beans.factory.annotation.Autowired(required=true)}
2022-12-16 10:14:24,540 INFO org.springframework.orm.jpa.AbstractEntityManagerFactoryBean [main] Closing JPA EntityManagerFactory for persistence unit 'default'
2022-12-16 10:14:24,545 INFO com.zaxxer.hikari.HikariDataSource [main] HikariPool-1 - Shutdown initiated...
2022-12-16 10:14:24,561 INFO com.zaxxer.hikari.HikariDataSource [main] HikariPool-1 - Shutdown completed.
2022-12-16 10:14:24,565 INFO org.apache.juli.logging.DirectJDKLog [main] Stopping service [Tomcat]
2022-12-16 10:14:24,599 INFO org.springframework.boot.autoconfigure.logging.ConditionEvaluationReportLoggingListener [main] 

Error starting ApplicationContext. To display the conditions report re-run your application with 'debug' enabled.
2022-12-16 10:14:24,644 ERROR org.springframework.boot.diagnostics.LoggingFailureAnalysisReporter [main] 

***************************
APPLICATION FAILED TO START
***************************

Description:

Field amazonS3 in com.globale.book.Service.FileUploadService required a bean of type 'com.amazonaws.services.s3.AmazonS3' that could not be found.

The injection point has the following annotations:
	- @org.springframework.beans.factory.annotation.Autowired(required=true)


Action:

Consider defining a bean of type 'com.amazonaws.services.s3.AmazonS3' in your configuration.

2022-12-16 10:17:17,191 INFO org.hibernate.validator.internal.util.Version [background-preinit] HV000001: Hibernate Validator 6.2.5.Final
2022-12-16 10:17:17,266 INFO org.springframework.boot.StartupInfoLogger [main] Starting DataJpaBooksProjectApplication using Java 17.0.4.1 on LAPTOP-836RRBLI with PID 388 (C:\Users\Admin\Documents\workspace-spring-tool-suite-4-4.16.0.RELEASE\repo\data-jpa-Books-project\target\classes started by Admin in C:\Users\Admin\Documents\workspace-spring-tool-suite-4-4.16.0.RELEASE\repo\data-jpa-Books-project)
2022-12-16 10:17:17,268 INFO org.springframework.boot.SpringApplication [main] No active profile set, falling back to 1 default profile: "default"
2022-12-16 10:17:19,040 INFO org.springframework.data.repository.config.RepositoryConfigurationDelegate [main] Bootstrapping Spring Data JPA repositories in DEFAULT mode.
2022-12-16 10:17:19,173 INFO org.springframework.data.repository.config.RepositoryConfigurationDelegate [main] Finished Spring Data repository scanning in 113 ms. Found 2 JPA repository interfaces.
2022-12-16 10:17:20,294 INFO org.springframework.boot.web.embedded.tomcat.TomcatWebServer [main] Tomcat initialized with port(s): 8082 (http)
2022-12-16 10:17:20,296 INFO org.apache.juli.logging.DirectJDKLog [main] Loaded Apache Tomcat Native library [1.2.33] using APR version [1.7.0].
2022-12-16 10:17:20,298 INFO org.apache.juli.logging.DirectJDKLog [main] APR capabilities: IPv6 [true], sendfile [true], accept filters [false], random [true], UDS [true].
2022-12-16 10:17:20,299 INFO org.apache.juli.logging.DirectJDKLog [main] APR/OpenSSL configuration: useAprConnector [false], useOpenSSL [true]
2022-12-16 10:17:20,306 INFO org.apache.juli.logging.DirectJDKLog [main] OpenSSL successfully initialized [OpenSSL 1.1.1o  3 May 2022]
2022-12-16 10:17:20,325 INFO org.apache.juli.logging.DirectJDKLog [main] Initializing ProtocolHandler ["http-nio-8082"]
2022-12-16 10:17:20,326 INFO org.apache.juli.logging.DirectJDKLog [main] Starting service [Tomcat]
2022-12-16 10:17:20,327 INFO org.apache.juli.logging.DirectJDKLog [main] Starting Servlet engine: [Apache Tomcat/9.0.68]
2022-12-16 10:17:20,599 INFO org.apache.juli.logging.DirectJDKLog [main] Initializing Spring embedded WebApplicationContext
2022-12-16 10:17:20,600 INFO org.springframework.boot.web.servlet.context.ServletWebServerApplicationContext [main] Root WebApplicationContext: initialization completed in 3244 ms
2022-12-16 10:17:21,153 INFO org.flywaydb.core.internal.logging.slf4j.Slf4jLog [main] Flyway Community Edition 8.5.13 by Redgate
2022-12-16 10:17:21,153 INFO org.flywaydb.core.internal.logging.slf4j.Slf4jLog [main] See what's new here: https://flywaydb.org/documentation/learnmore/releaseNotes#8.5.13
2022-12-16 10:17:21,154 INFO org.flywaydb.core.internal.logging.slf4j.Slf4jLog [main] 
2022-12-16 10:17:21,161 ERROR org.flywaydb.core.internal.logging.slf4j.Slf4jLog [main] Skipping filesystem location:\another\migration\directory (not found).
2022-12-16 10:17:21,166 INFO org.flywaydb.core.internal.logging.slf4j.Slf4jLog [main] 2 SQL migrations were detected but not run because they did not follow the filename convention.
2022-12-16 10:17:21,166 INFO org.flywaydb.core.internal.logging.slf4j.Slf4jLog [main] If this is in error, enable debug logging or 'validateMigrationNaming' to fail fast and see a list of the invalid file names.
2022-12-16 10:17:21,169 INFO com.zaxxer.hikari.HikariDataSource [main] HikariPool-1 - Starting...
2022-12-16 10:17:21,727 INFO com.zaxxer.hikari.HikariDataSource [main] HikariPool-1 - Start completed.
2022-12-16 10:17:21,788 INFO org.flywaydb.core.internal.logging.slf4j.Slf4jLog [main] Database: jdbc:mysql://localhost:3306/book (MySQL 8.0)
2022-12-16 10:17:21,859 INFO org.flywaydb.core.internal.logging.slf4j.Slf4jLog [main] Successfully validated 1 migration (execution time 00:00.028s)
2022-12-16 10:17:21,885 INFO org.flywaydb.core.internal.logging.slf4j.Slf4jLog [main] Current version of schema `book`: 1
2022-12-16 10:17:21,887 INFO org.flywaydb.core.internal.logging.slf4j.Slf4jLog [main] Schema `book` is up to date. No migration necessary.
2022-12-16 10:17:22,051 INFO org.hibernate.jpa.internal.util.LogHelper [main] HHH000204: Processing PersistenceUnitInfo [name: default]
2022-12-16 10:17:22,162 INFO org.hibernate.Version [main] HHH000412: Hibernate ORM core version 5.6.12.Final
2022-12-16 10:17:22,467 INFO org.hibernate.annotations.common.reflection.java.JavaReflectionManager [main] HCANN000001: Hibernate Commons Annotations {5.1.2.Final}
2022-12-16 10:17:22,676 INFO org.hibernate.dialect.Dialect [main] HHH000400: Using dialect: org.hibernate.dialect.MySQL8Dialect
2022-12-16 10:17:24,009 INFO org.hibernate.engine.transaction.jta.platform.internal.JtaPlatformInitiator [main] HHH000490: Using JtaPlatform implementation: [org.hibernate.engine.transaction.jta.platform.internal.NoJtaPlatform]
2022-12-16 10:17:24,040 INFO org.springframework.orm.jpa.AbstractEntityManagerFactoryBean [main] Initialized JPA EntityManagerFactory for persistence unit 'default'
2022-12-16 10:17:25,045 WARN org.springframework.boot.autoconfigure.orm.jpa.JpaBaseConfiguration$JpaWebConfiguration [main] spring.jpa.open-in-view is enabled by default. Therefore, database queries may be performed during view rendering. Explicitly configure spring.jpa.open-in-view to disable this warning
2022-12-16 10:17:26,191 INFO org.springframework.boot.actuate.endpoint.web.EndpointLinksResolver [main] Exposing 15 endpoint(s) beneath base path '/actuator'
2022-12-16 10:17:26,268 INFO org.apache.juli.logging.DirectJDKLog [main] Starting ProtocolHandler ["http-nio-8082"]
2022-12-16 10:17:26,311 INFO org.springframework.boot.web.embedded.tomcat.TomcatWebServer [main] Tomcat started on port(s): 8082 (http) with context path ''
2022-12-16 10:17:26,345 INFO org.springframework.boot.StartupInfoLogger [main] Started DataJpaBooksProjectApplication in 9.78 seconds (JVM running for 11.289)
2022-12-16 10:17:26,540 DEBUG org.hibernate.engine.jdbc.spi.SqlStatementLogger [main] 
    insert 
    into
        authers
        (created_by, created_date, is_deleted, last_modified_by, last_modified_date, status_code, email, image_path, ip_address, name) 
    values
        (?, ?, ?, ?, ?, ?, ?, ?, ?, ?)
2022-12-16 10:17:26,558 DEBUG org.hibernate.engine.jdbc.spi.SqlStatementLogger [main] 
    insert 
    into
        authers
        (created_by, created_date, is_deleted, last_modified_by, last_modified_date, status_code, email, image_path, ip_address, name) 
    values
        (?, ?, ?, ?, ?, ?, ?, ?, ?, ?)
2022-12-16 10:17:26,561 DEBUG org.hibernate.engine.jdbc.spi.SqlStatementLogger [main] 
    insert 
    into
        authers
        (created_by, created_date, is_deleted, last_modified_by, last_modified_date, status_code, email, image_path, ip_address, name) 
    values
        (?, ?, ?, ?, ?, ?, ?, ?, ?, ?)
2022-12-16 10:17:26,621 DEBUG org.hibernate.engine.jdbc.spi.SqlStatementLogger [main] 
    insert 
    into
        books
        (created_by, created_date, is_deleted, last_modified_by, last_modified_date, status_code, auther_id, name, price) 
    values
        (?, ?, ?, ?, ?, ?, ?, ?, ?)
2022-12-16 10:17:26,627 DEBUG org.hibernate.engine.jdbc.spi.SqlStatementLogger [main] 
    insert 
    into
        books
        (created_by, created_date, is_deleted, last_modified_by, last_modified_date, status_code, auther_id, name, price) 
    values
        (?, ?, ?, ?, ?, ?, ?, ?, ?)
2022-12-16 10:17:26,631 DEBUG org.hibernate.engine.jdbc.spi.SqlStatementLogger [main] 
    insert 
    into
        books
        (created_by, created_date, is_deleted, last_modified_by, last_modified_date, status_code, auther_id, name, price) 
    values
        (?, ?, ?, ?, ?, ?, ?, ?, ?)
2022-12-16 10:17:28,721 INFO org.apache.juli.logging.DirectJDKLog [RMI TCP Connection(9)-127.0.0.1] Initializing Spring DispatcherServlet 'dispatcherServlet'
2022-12-16 10:17:28,722 INFO org.springframework.web.servlet.FrameworkServlet [RMI TCP Connection(9)-127.0.0.1] Initializing Servlet 'dispatcherServlet'
2022-12-16 10:17:28,725 INFO org.springframework.web.servlet.FrameworkServlet [RMI TCP Connection(9)-127.0.0.1] Completed initialization in 3 ms
2022-12-16 10:17:30,552 INFO com.globale.book.Service.PriceSchedule [ThreadPoolTaskExecutor-1] compute Discount >> 2022-12-16T10:17:30.552919700
2022-12-16 10:17:30,554 INFO com.globale.book.Service.PriceSchedule [ThreadPoolTaskExecutor-2] compute price >> 2022-12-16T10:17:30.554877200
2022-12-16 10:18:57,979 INFO org.springframework.boot.admin.SpringApplicationAdminMXBeanRegistrar$SpringApplicationAdmin [RMI TCP Connection(13)-127.0.0.1] Application shutdown requested.
2022-12-16 10:18:57,997 INFO org.apache.juli.logging.DirectJDKLog [RMI TCP Connection(13)-127.0.0.1] Pausing ProtocolHandler ["http-nio-8082"]
2022-12-16 10:18:57,998 INFO org.apache.juli.logging.DirectJDKLog [RMI TCP Connection(13)-127.0.0.1] Stopping service [Tomcat]
2022-12-16 10:18:58,000 INFO org.apache.juli.logging.DirectJDKLog [RMI TCP Connection(13)-127.0.0.1] Destroying Spring FrameworkServlet 'dispatcherServlet'
2022-12-16 10:18:58,006 INFO org.apache.juli.logging.DirectJDKLog [RMI TCP Connection(13)-127.0.0.1] Stopping ProtocolHandler ["http-nio-8082"]
2022-12-16 10:18:58,008 INFO org.apache.juli.logging.DirectJDKLog [RMI TCP Connection(13)-127.0.0.1] Destroying ProtocolHandler ["http-nio-8082"]
2022-12-16 10:18:58,015 INFO org.springframework.orm.jpa.AbstractEntityManagerFactoryBean [RMI TCP Connection(13)-127.0.0.1] Closing JPA EntityManagerFactory for persistence unit 'default'
2022-12-16 10:18:58,021 INFO com.zaxxer.hikari.HikariDataSource [RMI TCP Connection(13)-127.0.0.1] HikariPool-1 - Shutdown initiated...
2022-12-16 10:18:58,035 INFO com.zaxxer.hikari.HikariDataSource [RMI TCP Connection(13)-127.0.0.1] HikariPool-1 - Shutdown completed.
2022-12-16 10:19:17,675 INFO org.hibernate.validator.internal.util.Version [background-preinit] HV000001: Hibernate Validator 6.2.5.Final
2022-12-16 10:19:17,762 INFO org.springframework.boot.StartupInfoLogger [main] Starting DataJpaBooksProjectApplication using Java 17.0.4.1 on LAPTOP-836RRBLI with PID 1336 (C:\Users\Admin\Documents\workspace-spring-tool-suite-4-4.16.0.RELEASE\repo\data-jpa-Books-project\target\classes started by Admin in C:\Users\Admin\Documents\workspace-spring-tool-suite-4-4.16.0.RELEASE\repo\data-jpa-Books-project)
2022-12-16 10:19:17,764 INFO org.springframework.boot.SpringApplication [main] No active profile set, falling back to 1 default profile: "default"
2022-12-16 10:19:19,851 INFO org.springframework.data.repository.config.RepositoryConfigurationDelegate [main] Bootstrapping Spring Data JPA repositories in DEFAULT mode.
2022-12-16 10:19:19,986 INFO org.springframework.data.repository.config.RepositoryConfigurationDelegate [main] Finished Spring Data repository scanning in 116 ms. Found 2 JPA repository interfaces.
2022-12-16 10:19:21,114 INFO org.springframework.boot.web.embedded.tomcat.TomcatWebServer [main] Tomcat initialized with port(s): 8082 (http)
2022-12-16 10:19:21,116 INFO org.apache.juli.logging.DirectJDKLog [main] Loaded Apache Tomcat Native library [1.2.33] using APR version [1.7.0].
2022-12-16 10:19:21,117 INFO org.apache.juli.logging.DirectJDKLog [main] APR capabilities: IPv6 [true], sendfile [true], accept filters [false], random [true], UDS [true].
2022-12-16 10:19:21,117 INFO org.apache.juli.logging.DirectJDKLog [main] APR/OpenSSL configuration: useAprConnector [false], useOpenSSL [true]
2022-12-16 10:19:21,122 INFO org.apache.juli.logging.DirectJDKLog [main] OpenSSL successfully initialized [OpenSSL 1.1.1o  3 May 2022]
2022-12-16 10:19:21,135 INFO org.apache.juli.logging.DirectJDKLog [main] Initializing ProtocolHandler ["http-nio-8082"]
2022-12-16 10:19:21,135 INFO org.apache.juli.logging.DirectJDKLog [main] Starting service [Tomcat]
2022-12-16 10:19:21,136 INFO org.apache.juli.logging.DirectJDKLog [main] Starting Servlet engine: [Apache Tomcat/9.0.68]
2022-12-16 10:19:21,349 INFO org.apache.juli.logging.DirectJDKLog [main] Initializing Spring embedded WebApplicationContext
2022-12-16 10:19:21,349 INFO org.springframework.boot.web.servlet.context.ServletWebServerApplicationContext [main] Root WebApplicationContext: initialization completed in 3483 ms
2022-12-16 10:19:21,815 INFO org.flywaydb.core.internal.logging.slf4j.Slf4jLog [main] Flyway Community Edition 8.5.13 by Redgate
2022-12-16 10:19:21,816 INFO org.flywaydb.core.internal.logging.slf4j.Slf4jLog [main] See what's new here: https://flywaydb.org/documentation/learnmore/releaseNotes#8.5.13
2022-12-16 10:19:21,816 INFO org.flywaydb.core.internal.logging.slf4j.Slf4jLog [main] 
2022-12-16 10:19:21,824 ERROR org.flywaydb.core.internal.logging.slf4j.Slf4jLog [main] Skipping filesystem location:\another\migration\directory (not found).
2022-12-16 10:19:21,831 INFO org.flywaydb.core.internal.logging.slf4j.Slf4jLog [main] 2 SQL migrations were detected but not run because they did not follow the filename convention.
2022-12-16 10:19:21,831 INFO org.flywaydb.core.internal.logging.slf4j.Slf4jLog [main] If this is in error, enable debug logging or 'validateMigrationNaming' to fail fast and see a list of the invalid file names.
2022-12-16 10:19:21,834 INFO com.zaxxer.hikari.HikariDataSource [main] HikariPool-1 - Starting...
2022-12-16 10:19:22,611 INFO com.zaxxer.hikari.HikariDataSource [main] HikariPool-1 - Start completed.
2022-12-16 10:19:22,742 INFO org.flywaydb.core.internal.logging.slf4j.Slf4jLog [main] Database: jdbc:mysql://localhost:3306/book (MySQL 8.0)
2022-12-16 10:19:22,832 INFO org.flywaydb.core.internal.logging.slf4j.Slf4jLog [main] Successfully validated 1 migration (execution time 00:00.032s)
2022-12-16 10:19:22,854 INFO org.flywaydb.core.internal.logging.slf4j.Slf4jLog [main] Current version of schema `book`: 1
2022-12-16 10:19:22,855 INFO org.flywaydb.core.internal.logging.slf4j.Slf4jLog [main] Schema `book` is up to date. No migration necessary.
2022-12-16 10:19:22,984 INFO org.hibernate.jpa.internal.util.LogHelper [main] HHH000204: Processing PersistenceUnitInfo [name: default]
2022-12-16 10:19:23,075 INFO org.hibernate.Version [main] HHH000412: Hibernate ORM core version 5.6.12.Final
2022-12-16 10:19:23,347 INFO org.hibernate.annotations.common.reflection.java.JavaReflectionManager [main] HCANN000001: Hibernate Commons Annotations {5.1.2.Final}
2022-12-16 10:19:23,531 INFO org.hibernate.dialect.Dialect [main] HHH000400: Using dialect: org.hibernate.dialect.MySQL8Dialect
2022-12-16 10:19:24,739 INFO org.hibernate.engine.transaction.jta.platform.internal.JtaPlatformInitiator [main] HHH000490: Using JtaPlatform implementation: [org.hibernate.engine.transaction.jta.platform.internal.NoJtaPlatform]
2022-12-16 10:19:24,751 INFO org.springframework.orm.jpa.AbstractEntityManagerFactoryBean [main] Initialized JPA EntityManagerFactory for persistence unit 'default'
2022-12-16 10:19:25,870 WARN org.springframework.boot.autoconfigure.orm.jpa.JpaBaseConfiguration$JpaWebConfiguration [main] spring.jpa.open-in-view is enabled by default. Therefore, database queries may be performed during view rendering. Explicitly configure spring.jpa.open-in-view to disable this warning
2022-12-16 10:19:27,490 INFO org.springframework.boot.actuate.endpoint.web.EndpointLinksResolver [main] Exposing 15 endpoint(s) beneath base path '/actuator'
2022-12-16 10:19:27,571 INFO org.apache.juli.logging.DirectJDKLog [main] Starting ProtocolHandler ["http-nio-8082"]
2022-12-16 10:19:27,623 INFO org.springframework.boot.web.embedded.tomcat.TomcatWebServer [main] Tomcat started on port(s): 8082 (http) with context path ''
2022-12-16 10:19:27,655 INFO org.springframework.boot.StartupInfoLogger [main] Started DataJpaBooksProjectApplication in 10.574 seconds (JVM running for 13.211)
2022-12-16 10:19:27,812 DEBUG org.hibernate.engine.jdbc.spi.SqlStatementLogger [main] 
    insert 
    into
        authers
        (created_by, created_date, is_deleted, last_modified_by, last_modified_date, status_code, email, image_path, ip_address, name) 
    values
        (?, ?, ?, ?, ?, ?, ?, ?, ?, ?)
2022-12-16 10:19:27,829 DEBUG org.hibernate.engine.jdbc.spi.SqlStatementLogger [main] 
    insert 
    into
        authers
        (created_by, created_date, is_deleted, last_modified_by, last_modified_date, status_code, email, image_path, ip_address, name) 
    values
        (?, ?, ?, ?, ?, ?, ?, ?, ?, ?)
2022-12-16 10:19:27,832 DEBUG org.hibernate.engine.jdbc.spi.SqlStatementLogger [main] 
    insert 
    into
        authers
        (created_by, created_date, is_deleted, last_modified_by, last_modified_date, status_code, email, image_path, ip_address, name) 
    values
        (?, ?, ?, ?, ?, ?, ?, ?, ?, ?)
2022-12-16 10:19:27,901 DEBUG org.hibernate.engine.jdbc.spi.SqlStatementLogger [main] 
    insert 
    into
        books
        (created_by, created_date, is_deleted, last_modified_by, last_modified_date, status_code, auther_id, name, price) 
    values
        (?, ?, ?, ?, ?, ?, ?, ?, ?)
2022-12-16 10:19:27,908 DEBUG org.hibernate.engine.jdbc.spi.SqlStatementLogger [main] 
    insert 
    into
        books
        (created_by, created_date, is_deleted, last_modified_by, last_modified_date, status_code, auther_id, name, price) 
    values
        (?, ?, ?, ?, ?, ?, ?, ?, ?)
2022-12-16 10:19:27,913 DEBUG org.hibernate.engine.jdbc.spi.SqlStatementLogger [main] 
    insert 
    into
        books
        (created_by, created_date, is_deleted, last_modified_by, last_modified_date, status_code, auther_id, name, price) 
    values
        (?, ?, ?, ?, ?, ?, ?, ?, ?)
2022-12-16 10:19:29,141 INFO org.apache.juli.logging.DirectJDKLog [RMI TCP Connection(9)-127.0.0.1] Initializing Spring DispatcherServlet 'dispatcherServlet'
2022-12-16 10:19:29,142 INFO org.springframework.web.servlet.FrameworkServlet [RMI TCP Connection(9)-127.0.0.1] Initializing Servlet 'dispatcherServlet'
2022-12-16 10:19:29,145 INFO org.springframework.web.servlet.FrameworkServlet [RMI TCP Connection(9)-127.0.0.1] Completed initialization in 2 ms
2022-12-16 10:19:31,829 INFO com.globale.book.Service.PriceSchedule [ThreadPoolTaskExecutor-1] compute price >> 2022-12-16T10:19:31.829592100
2022-12-16 10:19:31,830 INFO com.globale.book.Service.PriceSchedule [ThreadPoolTaskExecutor-2] compute Discount >> 2022-12-16T10:19:31.829592100
2022-12-16 10:20:37,461 INFO org.springdoc.api.AbstractOpenApiResource [http-nio-8082-exec-10] Init duration for springdoc-openapi is: 534 ms
2022-12-16 10:39:38,730 WARN com.zaxxer.hikari.pool.HikariPool$HouseKeeper [HikariPool-1 housekeeper] HikariPool-1 - Thread starvation or clock leap detected (housekeeper delta=10m45s865ms992µs400ns).
2022-12-16 10:42:37,796 DEBUG org.hibernate.engine.jdbc.spi.SqlStatementLogger [http-nio-8082-exec-6] 
    select
        book0_.id as id1_1_0_,
        auther1_.id as id1_0_1_,
        book0_.created_by as created_2_1_0_,
        book0_.created_date as created_3_1_0_,
        book0_.is_deleted as is_delet4_1_0_,
        book0_.last_modified_by as last_mod5_1_0_,
        book0_.last_modified_date as last_mod6_1_0_,
        book0_.status_code as status_c7_1_0_,
        book0_.auther_id as auther_10_1_0_,
        book0_.name as name8_1_0_,
        book0_.price as price9_1_0_,
        (select
            count(*) 
        from
            books)  as formula2_0_,
        auther1_.created_by as created_2_0_1_,
        auther1_.created_date as created_3_0_1_,
        auther1_.is_deleted as is_delet4_0_1_,
        auther1_.last_modified_by as last_mod5_0_1_,
        auther1_.last_modified_date as last_mod6_0_1_,
        auther1_.status_code as status_c7_0_1_,
        auther1_.email as email8_0_1_,
        auther1_.image_path as image_pa9_0_1_,
        auther1_.ip_address as ip_addr10_0_1_,
        auther1_.name as name11_0_1_,
        (select
            count(*) 
        from
            books 
        where
            books.auther_id = auther1_.id)  as formula1_1_ 
    from
        books book0_ 
    left outer join
        authers auther1_ 
            on book0_.auther_id=auther1_.id 
    where
        (
            book0_.is_deleted = 0
        )
2022-12-16 10:59:30,556 INFO org.springframework.boot.admin.SpringApplicationAdminMXBeanRegistrar$SpringApplicationAdmin [RMI TCP Connection(44)-127.0.0.1] Application shutdown requested.
2022-12-16 10:59:30,575 INFO org.apache.juli.logging.DirectJDKLog [RMI TCP Connection(44)-127.0.0.1] Pausing ProtocolHandler ["http-nio-8082"]
2022-12-16 10:59:30,576 INFO org.apache.juli.logging.DirectJDKLog [RMI TCP Connection(44)-127.0.0.1] Stopping service [Tomcat]
2022-12-16 10:59:30,584 INFO org.apache.juli.logging.DirectJDKLog [RMI TCP Connection(44)-127.0.0.1] Destroying Spring FrameworkServlet 'dispatcherServlet'
2022-12-16 10:59:30,589 INFO org.apache.juli.logging.DirectJDKLog [RMI TCP Connection(44)-127.0.0.1] Stopping ProtocolHandler ["http-nio-8082"]
2022-12-16 10:59:30,591 INFO org.apache.juli.logging.DirectJDKLog [RMI TCP Connection(44)-127.0.0.1] Destroying ProtocolHandler ["http-nio-8082"]
2022-12-16 10:59:30,599 INFO org.springframework.orm.jpa.AbstractEntityManagerFactoryBean [RMI TCP Connection(44)-127.0.0.1] Closing JPA EntityManagerFactory for persistence unit 'default'
2022-12-16 10:59:30,603 INFO com.zaxxer.hikari.HikariDataSource [RMI TCP Connection(44)-127.0.0.1] HikariPool-1 - Shutdown initiated...
2022-12-16 10:59:30,612 INFO com.zaxxer.hikari.HikariDataSource [RMI TCP Connection(44)-127.0.0.1] HikariPool-1 - Shutdown completed.
2022-12-16 10:59:48,774 INFO org.hibernate.validator.internal.util.Version [background-preinit] HV000001: Hibernate Validator 6.2.5.Final
2022-12-16 10:59:48,834 INFO org.springframework.boot.StartupInfoLogger [main] Starting DataJpaBooksProjectApplication using Java 17.0.4.1 on LAPTOP-836RRBLI with PID 11072 (C:\Users\Admin\Documents\workspace-spring-tool-suite-4-4.16.0.RELEASE\repo\data-jpa-Books-project\target\classes started by Admin in C:\Users\Admin\Documents\workspace-spring-tool-suite-4-4.16.0.RELEASE\repo\data-jpa-Books-project)
2022-12-16 10:59:48,836 INFO org.springframework.boot.SpringApplication [main] No active profile set, falling back to 1 default profile: "default"
2022-12-16 10:59:50,630 INFO org.springframework.data.repository.config.RepositoryConfigurationDelegate [main] Bootstrapping Spring Data JPA repositories in DEFAULT mode.
2022-12-16 10:59:50,756 INFO org.springframework.data.repository.config.RepositoryConfigurationDelegate [main] Finished Spring Data repository scanning in 111 ms. Found 2 JPA repository interfaces.
2022-12-16 10:59:51,858 INFO org.springframework.boot.web.embedded.tomcat.TomcatWebServer [main] Tomcat initialized with port(s): 8082 (http)
2022-12-16 10:59:51,860 INFO org.apache.juli.logging.DirectJDKLog [main] Loaded Apache Tomcat Native library [1.2.33] using APR version [1.7.0].
2022-12-16 10:59:51,861 INFO org.apache.juli.logging.DirectJDKLog [main] APR capabilities: IPv6 [true], sendfile [true], accept filters [false], random [true], UDS [true].
2022-12-16 10:59:51,862 INFO org.apache.juli.logging.DirectJDKLog [main] APR/OpenSSL configuration: useAprConnector [false], useOpenSSL [true]
2022-12-16 10:59:51,868 INFO org.apache.juli.logging.DirectJDKLog [main] OpenSSL successfully initialized [OpenSSL 1.1.1o  3 May 2022]
2022-12-16 10:59:51,881 INFO org.apache.juli.logging.DirectJDKLog [main] Initializing ProtocolHandler ["http-nio-8082"]
2022-12-16 10:59:51,882 INFO org.apache.juli.logging.DirectJDKLog [main] Starting service [Tomcat]
2022-12-16 10:59:51,882 INFO org.apache.juli.logging.DirectJDKLog [main] Starting Servlet engine: [Apache Tomcat/9.0.68]
2022-12-16 10:59:52,064 INFO org.apache.juli.logging.DirectJDKLog [main] Initializing Spring embedded WebApplicationContext
2022-12-16 10:59:52,065 INFO org.springframework.boot.web.servlet.context.ServletWebServerApplicationContext [main] Root WebApplicationContext: initialization completed in 3159 ms
2022-12-16 10:59:52,554 INFO org.flywaydb.core.internal.logging.slf4j.Slf4jLog [main] Flyway Community Edition 8.5.13 by Redgate
2022-12-16 10:59:52,555 INFO org.flywaydb.core.internal.logging.slf4j.Slf4jLog [main] See what's new here: https://flywaydb.org/documentation/learnmore/releaseNotes#8.5.13
2022-12-16 10:59:52,555 INFO org.flywaydb.core.internal.logging.slf4j.Slf4jLog [main] 
2022-12-16 10:59:52,565 ERROR org.flywaydb.core.internal.logging.slf4j.Slf4jLog [main] Skipping filesystem location:\another\migration\directory (not found).
2022-12-16 10:59:52,571 INFO org.flywaydb.core.internal.logging.slf4j.Slf4jLog [main] 2 SQL migrations were detected but not run because they did not follow the filename convention.
2022-12-16 10:59:52,572 INFO org.flywaydb.core.internal.logging.slf4j.Slf4jLog [main] If this is in error, enable debug logging or 'validateMigrationNaming' to fail fast and see a list of the invalid file names.
2022-12-16 10:59:52,576 INFO com.zaxxer.hikari.HikariDataSource [main] HikariPool-1 - Starting...
2022-12-16 10:59:53,077 INFO com.zaxxer.hikari.HikariDataSource [main] HikariPool-1 - Start completed.
2022-12-16 10:59:53,161 INFO org.flywaydb.core.internal.logging.slf4j.Slf4jLog [main] Database: jdbc:mysql://localhost:3306/book (MySQL 8.0)
2022-12-16 10:59:53,249 INFO org.flywaydb.core.internal.logging.slf4j.Slf4jLog [main] Successfully validated 1 migration (execution time 00:00.023s)
2022-12-16 10:59:53,267 INFO org.flywaydb.core.internal.logging.slf4j.Slf4jLog [main] Current version of schema `book`: 1
2022-12-16 10:59:53,268 INFO org.flywaydb.core.internal.logging.slf4j.Slf4jLog [main] Schema `book` is up to date. No migration necessary.
2022-12-16 10:59:53,376 INFO org.hibernate.jpa.internal.util.LogHelper [main] HHH000204: Processing PersistenceUnitInfo [name: default]
2022-12-16 10:59:53,478 INFO org.hibernate.Version [main] HHH000412: Hibernate ORM core version 5.6.12.Final
2022-12-16 10:59:53,862 INFO org.hibernate.annotations.common.reflection.java.JavaReflectionManager [main] HCANN000001: Hibernate Commons Annotations {5.1.2.Final}
2022-12-16 10:59:54,109 INFO org.hibernate.dialect.Dialect [main] HHH000400: Using dialect: org.hibernate.dialect.MySQL8Dialect
2022-12-16 10:59:55,651 INFO org.hibernate.engine.transaction.jta.platform.internal.JtaPlatformInitiator [main] HHH000490: Using JtaPlatform implementation: [org.hibernate.engine.transaction.jta.platform.internal.NoJtaPlatform]
2022-12-16 10:59:55,672 INFO org.springframework.orm.jpa.AbstractEntityManagerFactoryBean [main] Initialized JPA EntityManagerFactory for persistence unit 'default'
2022-12-16 10:59:56,802 WARN org.springframework.boot.autoconfigure.orm.jpa.JpaBaseConfiguration$JpaWebConfiguration [main] spring.jpa.open-in-view is enabled by default. Therefore, database queries may be performed during view rendering. Explicitly configure spring.jpa.open-in-view to disable this warning
2022-12-16 10:59:58,275 INFO org.springframework.boot.actuate.endpoint.web.EndpointLinksResolver [main] Exposing 15 endpoint(s) beneath base path '/actuator'
2022-12-16 10:59:58,357 INFO org.apache.juli.logging.DirectJDKLog [main] Starting ProtocolHandler ["http-nio-8082"]
2022-12-16 10:59:58,396 INFO org.springframework.boot.web.embedded.tomcat.TomcatWebServer [main] Tomcat started on port(s): 8082 (http) with context path ''
2022-12-16 10:59:58,423 INFO org.springframework.boot.StartupInfoLogger [main] Started DataJpaBooksProjectApplication in 10.239 seconds (JVM running for 11.534)
2022-12-16 10:59:58,550 DEBUG org.hibernate.engine.jdbc.spi.SqlStatementLogger [main] 
    insert 
    into
        authers
        (created_by, created_date, is_deleted, last_modified_by, last_modified_date, status_code, email, image_path, ip_address, name) 
    values
        (?, ?, ?, ?, ?, ?, ?, ?, ?, ?)
2022-12-16 10:59:58,568 DEBUG org.hibernate.engine.jdbc.spi.SqlStatementLogger [main] 
    insert 
    into
        authers
        (created_by, created_date, is_deleted, last_modified_by, last_modified_date, status_code, email, image_path, ip_address, name) 
    values
        (?, ?, ?, ?, ?, ?, ?, ?, ?, ?)
2022-12-16 10:59:58,571 DEBUG org.hibernate.engine.jdbc.spi.SqlStatementLogger [main] 
    insert 
    into
        authers
        (created_by, created_date, is_deleted, last_modified_by, last_modified_date, status_code, email, image_path, ip_address, name) 
    values
        (?, ?, ?, ?, ?, ?, ?, ?, ?, ?)
2022-12-16 10:59:58,616 DEBUG org.hibernate.engine.jdbc.spi.SqlStatementLogger [main] 
    insert 
    into
        books
        (created_by, created_date, is_deleted, last_modified_by, last_modified_date, status_code, auther_id, name, price) 
    values
        (?, ?, ?, ?, ?, ?, ?, ?, ?)
2022-12-16 10:59:58,621 DEBUG org.hibernate.engine.jdbc.spi.SqlStatementLogger [main] 
    insert 
    into
        books
        (created_by, created_date, is_deleted, last_modified_by, last_modified_date, status_code, auther_id, name, price) 
    values
        (?, ?, ?, ?, ?, ?, ?, ?, ?)
2022-12-16 10:59:58,624 DEBUG org.hibernate.engine.jdbc.spi.SqlStatementLogger [main] 
    insert 
    into
        books
        (created_by, created_date, is_deleted, last_modified_by, last_modified_date, status_code, auther_id, name, price) 
    values
        (?, ?, ?, ?, ?, ?, ?, ?, ?)
2022-12-16 10:59:59,532 INFO org.apache.juli.logging.DirectJDKLog [RMI TCP Connection(9)-127.0.0.1] Initializing Spring DispatcherServlet 'dispatcherServlet'
2022-12-16 10:59:59,533 INFO org.springframework.web.servlet.FrameworkServlet [RMI TCP Connection(9)-127.0.0.1] Initializing Servlet 'dispatcherServlet'
2022-12-16 10:59:59,537 INFO org.springframework.web.servlet.FrameworkServlet [RMI TCP Connection(9)-127.0.0.1] Completed initialization in 3 ms
2022-12-16 11:00:02,577 INFO com.globale.book.Service.PriceSchedule [ThreadPoolTaskExecutor-2] compute Discount >> 2022-12-16T11:00:02.577294100
2022-12-16 11:00:02,578 INFO com.globale.book.Service.PriceSchedule [ThreadPoolTaskExecutor-1] compute price >> 2022-12-16T11:00:02.577294100
2022-12-16 11:00:08,570 INFO org.springdoc.api.AbstractOpenApiResource [http-nio-8082-exec-3] Init duration for springdoc-openapi is: 722 ms
2022-12-16 11:15:03,490 INFO org.springframework.boot.admin.SpringApplicationAdminMXBeanRegistrar$SpringApplicationAdmin [RMI TCP Connection(25)-127.0.0.1] Application shutdown requested.
2022-12-16 11:15:03,518 INFO org.apache.juli.logging.DirectJDKLog [RMI TCP Connection(25)-127.0.0.1] Pausing ProtocolHandler ["http-nio-8082"]
2022-12-16 11:15:03,519 INFO org.apache.juli.logging.DirectJDKLog [RMI TCP Connection(25)-127.0.0.1] Stopping service [Tomcat]
2022-12-16 11:15:03,522 INFO org.apache.juli.logging.DirectJDKLog [RMI TCP Connection(25)-127.0.0.1] Destroying Spring FrameworkServlet 'dispatcherServlet'
2022-12-16 11:15:03,527 INFO org.apache.juli.logging.DirectJDKLog [RMI TCP Connection(25)-127.0.0.1] Stopping ProtocolHandler ["http-nio-8082"]
2022-12-16 11:15:03,530 INFO org.apache.juli.logging.DirectJDKLog [RMI TCP Connection(25)-127.0.0.1] Destroying ProtocolHandler ["http-nio-8082"]
2022-12-16 11:15:03,541 INFO org.springframework.orm.jpa.AbstractEntityManagerFactoryBean [RMI TCP Connection(25)-127.0.0.1] Closing JPA EntityManagerFactory for persistence unit 'default'
2022-12-16 11:15:03,546 INFO com.zaxxer.hikari.HikariDataSource [RMI TCP Connection(25)-127.0.0.1] HikariPool-1 - Shutdown initiated...
2022-12-16 11:15:03,567 INFO com.zaxxer.hikari.HikariDataSource [RMI TCP Connection(25)-127.0.0.1] HikariPool-1 - Shutdown completed.
2022-12-16 11:15:22,098 INFO org.hibernate.validator.internal.util.Version [background-preinit] HV000001: Hibernate Validator 6.2.5.Final
2022-12-16 11:15:22,166 INFO org.springframework.boot.StartupInfoLogger [main] Starting DataJpaBooksProjectApplication using Java 17.0.4.1 on LAPTOP-836RRBLI with PID 14500 (C:\Users\Admin\Documents\workspace-spring-tool-suite-4-4.16.0.RELEASE\repo\data-jpa-Books-project\target\classes started by Admin in C:\Users\Admin\Documents\workspace-spring-tool-suite-4-4.16.0.RELEASE\repo\data-jpa-Books-project)
2022-12-16 11:15:22,167 INFO org.springframework.boot.SpringApplication [main] No active profile set, falling back to 1 default profile: "default"
2022-12-16 11:15:23,930 INFO org.springframework.data.repository.config.RepositoryConfigurationDelegate [main] Bootstrapping Spring Data JPA repositories in DEFAULT mode.
2022-12-16 11:15:24,059 INFO org.springframework.data.repository.config.RepositoryConfigurationDelegate [main] Finished Spring Data repository scanning in 115 ms. Found 2 JPA repository interfaces.
2022-12-16 11:15:25,117 INFO org.springframework.boot.web.embedded.tomcat.TomcatWebServer [main] Tomcat initialized with port(s): 8082 (http)
2022-12-16 11:15:25,120 INFO org.apache.juli.logging.DirectJDKLog [main] Loaded Apache Tomcat Native library [1.2.33] using APR version [1.7.0].
2022-12-16 11:15:25,121 INFO org.apache.juli.logging.DirectJDKLog [main] APR capabilities: IPv6 [true], sendfile [true], accept filters [false], random [true], UDS [true].
2022-12-16 11:15:25,122 INFO org.apache.juli.logging.DirectJDKLog [main] APR/OpenSSL configuration: useAprConnector [false], useOpenSSL [true]
2022-12-16 11:15:25,128 INFO org.apache.juli.logging.DirectJDKLog [main] OpenSSL successfully initialized [OpenSSL 1.1.1o  3 May 2022]
2022-12-16 11:15:25,146 INFO org.apache.juli.logging.DirectJDKLog [main] Initializing ProtocolHandler ["http-nio-8082"]
2022-12-16 11:15:25,147 INFO org.apache.juli.logging.DirectJDKLog [main] Starting service [Tomcat]
2022-12-16 11:15:25,148 INFO org.apache.juli.logging.DirectJDKLog [main] Starting Servlet engine: [Apache Tomcat/9.0.68]
2022-12-16 11:15:25,384 INFO org.apache.juli.logging.DirectJDKLog [main] Initializing Spring embedded WebApplicationContext
2022-12-16 11:15:25,384 INFO org.springframework.boot.web.servlet.context.ServletWebServerApplicationContext [main] Root WebApplicationContext: initialization completed in 3139 ms
2022-12-16 11:15:25,913 INFO org.flywaydb.core.internal.logging.slf4j.Slf4jLog [main] Flyway Community Edition 8.5.13 by Redgate
2022-12-16 11:15:25,914 INFO org.flywaydb.core.internal.logging.slf4j.Slf4jLog [main] See what's new here: https://flywaydb.org/documentation/learnmore/releaseNotes#8.5.13
2022-12-16 11:15:25,915 INFO org.flywaydb.core.internal.logging.slf4j.Slf4jLog [main] 
2022-12-16 11:15:25,923 ERROR org.flywaydb.core.internal.logging.slf4j.Slf4jLog [main] Skipping filesystem location:\another\migration\directory (not found).
2022-12-16 11:15:25,929 INFO org.flywaydb.core.internal.logging.slf4j.Slf4jLog [main] 2 SQL migrations were detected but not run because they did not follow the filename convention.
2022-12-16 11:15:25,929 INFO org.flywaydb.core.internal.logging.slf4j.Slf4jLog [main] If this is in error, enable debug logging or 'validateMigrationNaming' to fail fast and see a list of the invalid file names.
2022-12-16 11:15:25,932 INFO com.zaxxer.hikari.HikariDataSource [main] HikariPool-1 - Starting...
2022-12-16 11:15:26,535 INFO com.zaxxer.hikari.HikariDataSource [main] HikariPool-1 - Start completed.
2022-12-16 11:15:26,633 INFO org.flywaydb.core.internal.logging.slf4j.Slf4jLog [main] Database: jdbc:mysql://localhost:3306/book (MySQL 8.0)
2022-12-16 11:15:26,740 INFO org.flywaydb.core.internal.logging.slf4j.Slf4jLog [main] Successfully validated 1 migration (execution time 00:00.035s)
2022-12-16 11:15:26,775 INFO org.flywaydb.core.internal.logging.slf4j.Slf4jLog [main] Current version of schema `book`: 1
2022-12-16 11:15:26,777 INFO org.flywaydb.core.internal.logging.slf4j.Slf4jLog [main] Schema `book` is up to date. No migration necessary.
2022-12-16 11:15:26,970 INFO org.hibernate.jpa.internal.util.LogHelper [main] HHH000204: Processing PersistenceUnitInfo [name: default]
2022-12-16 11:15:27,114 INFO org.hibernate.Version [main] HHH000412: Hibernate ORM core version 5.6.12.Final
2022-12-16 11:15:27,471 INFO org.hibernate.annotations.common.reflection.java.JavaReflectionManager [main] HCANN000001: Hibernate Commons Annotations {5.1.2.Final}
2022-12-16 11:15:27,712 INFO org.hibernate.dialect.Dialect [main] HHH000400: Using dialect: org.hibernate.dialect.MySQL8Dialect
2022-12-16 11:15:29,020 INFO org.hibernate.engine.transaction.jta.platform.internal.JtaPlatformInitiator [main] HHH000490: Using JtaPlatform implementation: [org.hibernate.engine.transaction.jta.platform.internal.NoJtaPlatform]
2022-12-16 11:15:29,037 INFO org.springframework.orm.jpa.AbstractEntityManagerFactoryBean [main] Initialized JPA EntityManagerFactory for persistence unit 'default'
2022-12-16 11:15:30,184 WARN org.springframework.boot.autoconfigure.orm.jpa.JpaBaseConfiguration$JpaWebConfiguration [main] spring.jpa.open-in-view is enabled by default. Therefore, database queries may be performed during view rendering. Explicitly configure spring.jpa.open-in-view to disable this warning
2022-12-16 11:15:31,810 INFO org.springframework.boot.actuate.endpoint.web.EndpointLinksResolver [main] Exposing 15 endpoint(s) beneath base path '/actuator'
2022-12-16 11:15:31,914 INFO org.apache.juli.logging.DirectJDKLog [main] Starting ProtocolHandler ["http-nio-8082"]
2022-12-16 11:15:31,996 INFO org.springframework.boot.web.embedded.tomcat.TomcatWebServer [main] Tomcat started on port(s): 8082 (http) with context path ''
2022-12-16 11:15:32,041 INFO org.springframework.boot.StartupInfoLogger [main] Started DataJpaBooksProjectApplication in 10.505 seconds (JVM running for 12.044)
2022-12-16 11:15:32,193 DEBUG org.hibernate.engine.jdbc.spi.SqlStatementLogger [main] 
    insert 
    into
        authers
        (created_by, created_date, is_deleted, last_modified_by, last_modified_date, status_code, email, image_path, ip_address, name) 
    values
        (?, ?, ?, ?, ?, ?, ?, ?, ?, ?)
2022-12-16 11:15:32,212 DEBUG org.hibernate.engine.jdbc.spi.SqlStatementLogger [main] 
    insert 
    into
        authers
        (created_by, created_date, is_deleted, last_modified_by, last_modified_date, status_code, email, image_path, ip_address, name) 
    values
        (?, ?, ?, ?, ?, ?, ?, ?, ?, ?)
2022-12-16 11:15:32,216 DEBUG org.hibernate.engine.jdbc.spi.SqlStatementLogger [main] 
    insert 
    into
        authers
        (created_by, created_date, is_deleted, last_modified_by, last_modified_date, status_code, email, image_path, ip_address, name) 
    values
        (?, ?, ?, ?, ?, ?, ?, ?, ?, ?)
2022-12-16 11:15:32,286 DEBUG org.hibernate.engine.jdbc.spi.SqlStatementLogger [main] 
    insert 
    into
        books
        (created_by, created_date, is_deleted, last_modified_by, last_modified_date, status_code, auther_id, name, price) 
    values
        (?, ?, ?, ?, ?, ?, ?, ?, ?)
2022-12-16 11:15:32,294 DEBUG org.hibernate.engine.jdbc.spi.SqlStatementLogger [main] 
    insert 
    into
        books
        (created_by, created_date, is_deleted, last_modified_by, last_modified_date, status_code, auther_id, name, price) 
    values
        (?, ?, ?, ?, ?, ?, ?, ?, ?)
2022-12-16 11:15:32,299 DEBUG org.hibernate.engine.jdbc.spi.SqlStatementLogger [main] 
    insert 
    into
        books
        (created_by, created_date, is_deleted, last_modified_by, last_modified_date, status_code, auther_id, name, price) 
    values
        (?, ?, ?, ?, ?, ?, ?, ?, ?)
2022-12-16 11:15:33,335 INFO org.apache.juli.logging.DirectJDKLog [RMI TCP Connection(9)-127.0.0.1] Initializing Spring DispatcherServlet 'dispatcherServlet'
2022-12-16 11:15:33,336 INFO org.springframework.web.servlet.FrameworkServlet [RMI TCP Connection(9)-127.0.0.1] Initializing Servlet 'dispatcherServlet'
2022-12-16 11:15:33,341 INFO org.springframework.web.servlet.FrameworkServlet [RMI TCP Connection(9)-127.0.0.1] Completed initialization in 5 ms
2022-12-16 11:15:36,183 INFO org.springdoc.api.AbstractOpenApiResource [http-nio-8082-exec-2] Init duration for springdoc-openapi is: 543 ms
2022-12-16 11:15:36,217 INFO com.globale.book.Service.PriceSchedule [ThreadPoolTaskExecutor-1] compute price >> 2022-12-16T11:15:36.217771800
2022-12-16 11:15:36,217 INFO com.globale.book.Service.PriceSchedule [ThreadPoolTaskExecutor-2] compute Discount >> 2022-12-16T11:15:36.217771800
2022-12-16 11:23:28,670 INFO org.springframework.boot.admin.SpringApplicationAdminMXBeanRegistrar$SpringApplicationAdmin [RMI TCP Connection(17)-127.0.0.1] Application shutdown requested.
2022-12-16 11:23:28,689 INFO org.apache.juli.logging.DirectJDKLog [RMI TCP Connection(17)-127.0.0.1] Pausing ProtocolHandler ["http-nio-8082"]
2022-12-16 11:23:28,690 INFO org.apache.juli.logging.DirectJDKLog [RMI TCP Connection(17)-127.0.0.1] Stopping service [Tomcat]
2022-12-16 11:23:28,691 INFO org.apache.juli.logging.DirectJDKLog [RMI TCP Connection(17)-127.0.0.1] Destroying Spring FrameworkServlet 'dispatcherServlet'
2022-12-16 11:23:28,695 INFO org.apache.juli.logging.DirectJDKLog [RMI TCP Connection(17)-127.0.0.1] Stopping ProtocolHandler ["http-nio-8082"]
2022-12-16 11:23:28,697 INFO org.apache.juli.logging.DirectJDKLog [RMI TCP Connection(17)-127.0.0.1] Destroying ProtocolHandler ["http-nio-8082"]
2022-12-16 11:23:28,704 INFO org.springframework.orm.jpa.AbstractEntityManagerFactoryBean [RMI TCP Connection(17)-127.0.0.1] Closing JPA EntityManagerFactory for persistence unit 'default'
2022-12-16 11:23:28,709 INFO com.zaxxer.hikari.HikariDataSource [RMI TCP Connection(17)-127.0.0.1] HikariPool-1 - Shutdown initiated...
2022-12-16 11:23:28,720 INFO com.zaxxer.hikari.HikariDataSource [RMI TCP Connection(17)-127.0.0.1] HikariPool-1 - Shutdown completed.
2022-12-16 11:23:47,451 INFO org.hibernate.validator.internal.util.Version [background-preinit] HV000001: Hibernate Validator 6.2.5.Final
2022-12-16 11:23:47,516 INFO org.springframework.boot.StartupInfoLogger [main] Starting DataJpaBooksProjectApplication using Java 17.0.4.1 on LAPTOP-836RRBLI with PID 17136 (C:\Users\Admin\Documents\workspace-spring-tool-suite-4-4.16.0.RELEASE\repo\data-jpa-Books-project\target\classes started by Admin in C:\Users\Admin\Documents\workspace-spring-tool-suite-4-4.16.0.RELEASE\repo\data-jpa-Books-project)
2022-12-16 11:23:47,517 INFO org.springframework.boot.SpringApplication [main] No active profile set, falling back to 1 default profile: "default"
2022-12-16 11:23:49,494 INFO org.springframework.data.repository.config.RepositoryConfigurationDelegate [main] Bootstrapping Spring Data JPA repositories in DEFAULT mode.
2022-12-16 11:23:49,617 INFO org.springframework.data.repository.config.RepositoryConfigurationDelegate [main] Finished Spring Data repository scanning in 111 ms. Found 2 JPA repository interfaces.
2022-12-16 11:23:50,967 INFO org.springframework.boot.web.embedded.tomcat.TomcatWebServer [main] Tomcat initialized with port(s): 8082 (http)
2022-12-16 11:23:50,970 INFO org.apache.juli.logging.DirectJDKLog [main] Loaded Apache Tomcat Native library [1.2.33] using APR version [1.7.0].
2022-12-16 11:23:50,972 INFO org.apache.juli.logging.DirectJDKLog [main] APR capabilities: IPv6 [true], sendfile [true], accept filters [false], random [true], UDS [true].
2022-12-16 11:23:50,972 INFO org.apache.juli.logging.DirectJDKLog [main] APR/OpenSSL configuration: useAprConnector [false], useOpenSSL [true]
2022-12-16 11:23:50,979 INFO org.apache.juli.logging.DirectJDKLog [main] OpenSSL successfully initialized [OpenSSL 1.1.1o  3 May 2022]
2022-12-16 11:23:50,999 INFO org.apache.juli.logging.DirectJDKLog [main] Initializing ProtocolHandler ["http-nio-8082"]
2022-12-16 11:23:50,999 INFO org.apache.juli.logging.DirectJDKLog [main] Starting service [Tomcat]
2022-12-16 11:23:51,000 INFO org.apache.juli.logging.DirectJDKLog [main] Starting Servlet engine: [Apache Tomcat/9.0.68]
2022-12-16 11:23:51,236 INFO org.apache.juli.logging.DirectJDKLog [main] Initializing Spring embedded WebApplicationContext
2022-12-16 11:23:51,236 INFO org.springframework.boot.web.servlet.context.ServletWebServerApplicationContext [main] Root WebApplicationContext: initialization completed in 3641 ms
2022-12-16 11:23:51,794 INFO org.flywaydb.core.internal.logging.slf4j.Slf4jLog [main] Flyway Community Edition 8.5.13 by Redgate
2022-12-16 11:23:51,795 INFO org.flywaydb.core.internal.logging.slf4j.Slf4jLog [main] See what's new here: https://flywaydb.org/documentation/learnmore/releaseNotes#8.5.13
2022-12-16 11:23:51,796 INFO org.flywaydb.core.internal.logging.slf4j.Slf4jLog [main] 
2022-12-16 11:23:51,803 ERROR org.flywaydb.core.internal.logging.slf4j.Slf4jLog [main] Skipping filesystem location:\another\migration\directory (not found).
2022-12-16 11:23:51,807 INFO org.flywaydb.core.internal.logging.slf4j.Slf4jLog [main] 2 SQL migrations were detected but not run because they did not follow the filename convention.
2022-12-16 11:23:51,808 INFO org.flywaydb.core.internal.logging.slf4j.Slf4jLog [main] If this is in error, enable debug logging or 'validateMigrationNaming' to fail fast and see a list of the invalid file names.
2022-12-16 11:23:51,811 INFO com.zaxxer.hikari.HikariDataSource [main] HikariPool-1 - Starting...
2022-12-16 11:23:52,423 INFO com.zaxxer.hikari.HikariDataSource [main] HikariPool-1 - Start completed.
2022-12-16 11:23:52,491 INFO org.flywaydb.core.internal.logging.slf4j.Slf4jLog [main] Database: jdbc:mysql://localhost:3306/book (MySQL 8.0)
2022-12-16 11:23:52,578 INFO org.flywaydb.core.internal.logging.slf4j.Slf4jLog [main] Successfully validated 1 migration (execution time 00:00.033s)
2022-12-16 11:23:52,607 INFO org.flywaydb.core.internal.logging.slf4j.Slf4jLog [main] Current version of schema `book`: 1
2022-12-16 11:23:52,609 INFO org.flywaydb.core.internal.logging.slf4j.Slf4jLog [main] Schema `book` is up to date. No migration necessary.
2022-12-16 11:23:52,782 INFO org.hibernate.jpa.internal.util.LogHelper [main] HHH000204: Processing PersistenceUnitInfo [name: default]
2022-12-16 11:23:52,901 INFO org.hibernate.Version [main] HHH000412: Hibernate ORM core version 5.6.12.Final
2022-12-16 11:23:53,303 INFO org.hibernate.annotations.common.reflection.java.JavaReflectionManager [main] HCANN000001: Hibernate Commons Annotations {5.1.2.Final}
2022-12-16 11:23:53,520 INFO org.hibernate.dialect.Dialect [main] HHH000400: Using dialect: org.hibernate.dialect.MySQL8Dialect
2022-12-16 11:23:54,881 INFO org.hibernate.engine.transaction.jta.platform.internal.JtaPlatformInitiator [main] HHH000490: Using JtaPlatform implementation: [org.hibernate.engine.transaction.jta.platform.internal.NoJtaPlatform]
2022-12-16 11:23:54,905 INFO org.springframework.orm.jpa.AbstractEntityManagerFactoryBean [main] Initialized JPA EntityManagerFactory for persistence unit 'default'
2022-12-16 11:23:56,177 WARN org.springframework.boot.autoconfigure.orm.jpa.JpaBaseConfiguration$JpaWebConfiguration [main] spring.jpa.open-in-view is enabled by default. Therefore, database queries may be performed during view rendering. Explicitly configure spring.jpa.open-in-view to disable this warning
2022-12-16 11:23:57,902 INFO org.springframework.boot.actuate.endpoint.web.EndpointLinksResolver [main] Exposing 15 endpoint(s) beneath base path '/actuator'
2022-12-16 11:23:57,972 INFO org.apache.juli.logging.DirectJDKLog [main] Starting ProtocolHandler ["http-nio-8082"]
2022-12-16 11:23:58,012 INFO org.springframework.boot.web.embedded.tomcat.TomcatWebServer [main] Tomcat started on port(s): 8082 (http) with context path ''
2022-12-16 11:23:58,046 INFO org.springframework.boot.StartupInfoLogger [main] Started DataJpaBooksProjectApplication in 11.241 seconds (JVM running for 12.964)
2022-12-16 11:23:58,220 DEBUG org.hibernate.engine.jdbc.spi.SqlStatementLogger [main] 
    insert 
    into
        authers
        (created_by, created_date, is_deleted, last_modified_by, last_modified_date, status_code, email, image_path, ip_address, name) 
    values
        (?, ?, ?, ?, ?, ?, ?, ?, ?, ?)
2022-12-16 11:23:58,237 DEBUG org.hibernate.engine.jdbc.spi.SqlStatementLogger [main] 
    insert 
    into
        authers
        (created_by, created_date, is_deleted, last_modified_by, last_modified_date, status_code, email, image_path, ip_address, name) 
    values
        (?, ?, ?, ?, ?, ?, ?, ?, ?, ?)
2022-12-16 11:23:58,241 DEBUG org.hibernate.engine.jdbc.spi.SqlStatementLogger [main] 
    insert 
    into
        authers
        (created_by, created_date, is_deleted, last_modified_by, last_modified_date, status_code, email, image_path, ip_address, name) 
    values
        (?, ?, ?, ?, ?, ?, ?, ?, ?, ?)
2022-12-16 11:23:58,305 DEBUG org.hibernate.engine.jdbc.spi.SqlStatementLogger [main] 
    insert 
    into
        books
        (created_by, created_date, is_deleted, last_modified_by, last_modified_date, status_code, auther_id, name, price) 
    values
        (?, ?, ?, ?, ?, ?, ?, ?, ?)
2022-12-16 11:23:58,312 DEBUG org.hibernate.engine.jdbc.spi.SqlStatementLogger [main] 
    insert 
    into
        books
        (created_by, created_date, is_deleted, last_modified_by, last_modified_date, status_code, auther_id, name, price) 
    values
        (?, ?, ?, ?, ?, ?, ?, ?, ?)
2022-12-16 11:23:58,315 DEBUG org.hibernate.engine.jdbc.spi.SqlStatementLogger [main] 
    insert 
    into
        books
        (created_by, created_date, is_deleted, last_modified_by, last_modified_date, status_code, auther_id, name, price) 
    values
        (?, ?, ?, ?, ?, ?, ?, ?, ?)
2022-12-16 11:23:59,607 INFO org.apache.juli.logging.DirectJDKLog [RMI TCP Connection(9)-127.0.0.1] Initializing Spring DispatcherServlet 'dispatcherServlet'
2022-12-16 11:23:59,608 INFO org.springframework.web.servlet.FrameworkServlet [RMI TCP Connection(9)-127.0.0.1] Initializing Servlet 'dispatcherServlet'
2022-12-16 11:23:59,611 INFO org.springframework.web.servlet.FrameworkServlet [RMI TCP Connection(9)-127.0.0.1] Completed initialization in 3 ms
2022-12-16 11:24:02,240 INFO com.globale.book.Service.PriceSchedule [ThreadPoolTaskExecutor-1] compute Discount >> 2022-12-16T11:24:02.240228400
2022-12-16 11:24:02,241 INFO com.globale.book.Service.PriceSchedule [ThreadPoolTaskExecutor-2] compute price >> 2022-12-16T11:24:02.240228400
2022-12-16 11:24:07,636 INFO org.springdoc.api.AbstractOpenApiResource [http-nio-8082-exec-3] Init duration for springdoc-openapi is: 813 ms
2022-12-16 11:26:35,833 INFO org.springdoc.api.AbstractOpenApiResource [http-nio-8082-exec-7] Init duration for springdoc-openapi is: 247 ms
2022-12-16 11:28:14,305 INFO org.springframework.boot.admin.SpringApplicationAdminMXBeanRegistrar$SpringApplicationAdmin [RMI TCP Connection(16)-127.0.0.1] Application shutdown requested.
2022-12-16 11:28:14,351 INFO org.apache.juli.logging.DirectJDKLog [RMI TCP Connection(16)-127.0.0.1] Pausing ProtocolHandler ["http-nio-8082"]
2022-12-16 11:28:14,352 INFO org.apache.juli.logging.DirectJDKLog [RMI TCP Connection(16)-127.0.0.1] Stopping service [Tomcat]
2022-12-16 11:28:14,356 INFO org.apache.juli.logging.DirectJDKLog [RMI TCP Connection(16)-127.0.0.1] Destroying Spring FrameworkServlet 'dispatcherServlet'
2022-12-16 11:28:14,362 INFO org.apache.juli.logging.DirectJDKLog [RMI TCP Connection(16)-127.0.0.1] Stopping ProtocolHandler ["http-nio-8082"]
2022-12-16 11:28:14,365 INFO org.apache.juli.logging.DirectJDKLog [RMI TCP Connection(16)-127.0.0.1] Destroying ProtocolHandler ["http-nio-8082"]
2022-12-16 11:28:14,373 INFO org.springframework.orm.jpa.AbstractEntityManagerFactoryBean [RMI TCP Connection(16)-127.0.0.1] Closing JPA EntityManagerFactory for persistence unit 'default'
2022-12-16 11:28:14,378 INFO com.zaxxer.hikari.HikariDataSource [RMI TCP Connection(16)-127.0.0.1] HikariPool-1 - Shutdown initiated...
2022-12-16 11:28:14,390 INFO com.zaxxer.hikari.HikariDataSource [RMI TCP Connection(16)-127.0.0.1] HikariPool-1 - Shutdown completed.
