2022-12-10 19:28:01,332 INFO org.hibernate.validator.internal.util.Version [background-preinit] HV000001: Hibernate Validator 6.2.5.Final
2022-12-10 19:28:01,399 INFO org.springframework.boot.StartupInfoLogger [main] Starting DataJpaBooksProjectApplication using Java 17.0.4.1 on LAPTOP-836RRBLI with PID 9448 (C:\Users\Admin\Documents\workspace-spring-tool-suite-4-4.16.0.RELEASE\repo\data-jpa-Books-project\target\classes started by Admin in C:\Users\Admin\Documents\workspace-spring-tool-suite-4-4.16.0.RELEASE\repo\data-jpa-Books-project)
2022-12-10 19:28:01,400 INFO org.springframework.boot.SpringApplication [main] No active profile set, falling back to 1 default profile: "default"
2022-12-10 19:28:02,528 INFO org.springframework.data.repository.config.RepositoryConfigurationDelegate [main] Bootstrapping Spring Data JPA repositories in DEFAULT mode.
2022-12-10 19:28:02,636 INFO org.springframework.data.repository.config.RepositoryConfigurationDelegate [main] Finished Spring Data repository scanning in 95 ms. Found 2 JPA repository interfaces.
2022-12-10 19:28:03,604 INFO org.springframework.boot.web.embedded.tomcat.TomcatWebServer [main] Tomcat initialized with port(s): 8082 (http)
2022-12-10 19:28:03,607 INFO org.apache.juli.logging.DirectJDKLog [main] Loaded Apache Tomcat Native library [1.2.33] using APR version [1.7.0].
2022-12-10 19:28:03,609 INFO org.apache.juli.logging.DirectJDKLog [main] APR capabilities: IPv6 [true], sendfile [true], accept filters [false], random [true], UDS [true].
2022-12-10 19:28:03,609 INFO org.apache.juli.logging.DirectJDKLog [main] APR/OpenSSL configuration: useAprConnector [false], useOpenSSL [true]
2022-12-10 19:28:03,616 INFO org.apache.juli.logging.DirectJDKLog [main] OpenSSL successfully initialized [OpenSSL 1.1.1o  3 May 2022]
2022-12-10 19:28:03,633 INFO org.apache.juli.logging.DirectJDKLog [main] Initializing ProtocolHandler ["http-nio-8082"]
2022-12-10 19:28:03,634 INFO org.apache.juli.logging.DirectJDKLog [main] Starting service [Tomcat]
2022-12-10 19:28:03,635 INFO org.apache.juli.logging.DirectJDKLog [main] Starting Servlet engine: [Apache Tomcat/9.0.68]
2022-12-10 19:28:03,812 INFO org.apache.juli.logging.DirectJDKLog [main] Initializing Spring embedded WebApplicationContext
2022-12-10 19:28:03,812 INFO org.springframework.boot.web.servlet.context.ServletWebServerApplicationContext [main] Root WebApplicationContext: initialization completed in 2326 ms
2022-12-10 19:28:04,018 INFO org.hibernate.jpa.internal.util.LogHelper [main] HHH000204: Processing PersistenceUnitInfo [name: default]
2022-12-10 19:28:04,111 INFO org.hibernate.Version [main] HHH000412: Hibernate ORM core version 5.6.12.Final
2022-12-10 19:28:04,425 INFO org.hibernate.annotations.common.reflection.java.JavaReflectionManager [main] HCANN000001: Hibernate Commons Annotations {5.1.2.Final}
2022-12-10 19:28:04,616 INFO com.zaxxer.hikari.HikariDataSource [main] HikariPool-1 - Starting...
2022-12-10 19:28:05,193 INFO com.zaxxer.hikari.HikariDataSource [main] HikariPool-1 - Start completed.
2022-12-10 19:28:05,220 INFO org.hibernate.dialect.Dialect [main] HHH000400: Using dialect: org.hibernate.dialect.MySQL8Dialect
2022-12-10 19:28:06,563 INFO org.hibernate.engine.transaction.jta.platform.internal.JtaPlatformInitiator [main] HHH000490: Using JtaPlatform implementation: [org.hibernate.engine.transaction.jta.platform.internal.NoJtaPlatform]
2022-12-10 19:28:06,580 INFO org.springframework.orm.jpa.AbstractEntityManagerFactoryBean [main] Initialized JPA EntityManagerFactory for persistence unit 'default'
2022-12-10 19:28:07,485 WARN org.springframework.boot.autoconfigure.orm.jpa.JpaBaseConfiguration$JpaWebConfiguration [main] spring.jpa.open-in-view is enabled by default. Therefore, database queries may be performed during view rendering. Explicitly configure spring.jpa.open-in-view to disable this warning
2022-12-10 19:28:08,066 INFO org.apache.juli.logging.DirectJDKLog [main] Starting ProtocolHandler ["http-nio-8082"]
2022-12-10 19:28:08,105 INFO org.springframework.boot.web.embedded.tomcat.TomcatWebServer [main] Tomcat started on port(s): 8082 (http) with context path ''
2022-12-10 19:28:08,123 INFO org.springframework.boot.StartupInfoLogger [main] Started DataJpaBooksProjectApplication in 7.357 seconds (JVM running for 8.797)
2022-12-10 19:28:08,260 DEBUG org.hibernate.engine.jdbc.spi.SqlStatementLogger [main] 
    insert 
    into
        authers
        (created_by, created_date, is_deleted, last_modified_by, last_modified_date, status_code, email, ip_address, name) 
    values
        (?, ?, ?, ?, ?, ?, ?, ?, ?)
2022-12-10 19:28:08,284 DEBUG org.hibernate.engine.jdbc.spi.SqlStatementLogger [main] 
    insert 
    into
        authers
        (created_by, created_date, is_deleted, last_modified_by, last_modified_date, status_code, email, ip_address, name) 
    values
        (?, ?, ?, ?, ?, ?, ?, ?, ?)
2022-12-10 19:28:08,287 DEBUG org.hibernate.engine.jdbc.spi.SqlStatementLogger [main] 
    insert 
    into
        authers
        (created_by, created_date, is_deleted, last_modified_by, last_modified_date, status_code, email, ip_address, name) 
    values
        (?, ?, ?, ?, ?, ?, ?, ?, ?)
2022-12-10 19:28:08,356 DEBUG org.hibernate.engine.jdbc.spi.SqlStatementLogger [main] 
    insert 
    into
        books
        (created_by, created_date, is_deleted, last_modified_by, last_modified_date, status_code, auther_id, name, price) 
    values
        (?, ?, ?, ?, ?, ?, ?, ?, ?)
2022-12-10 19:28:08,366 DEBUG org.hibernate.engine.jdbc.spi.SqlStatementLogger [main] 
    insert 
    into
        books
        (created_by, created_date, is_deleted, last_modified_by, last_modified_date, status_code, auther_id, name, price) 
    values
        (?, ?, ?, ?, ?, ?, ?, ?, ?)
2022-12-10 19:28:08,371 DEBUG org.hibernate.engine.jdbc.spi.SqlStatementLogger [main] 
    insert 
    into
        books
        (created_by, created_date, is_deleted, last_modified_by, last_modified_date, status_code, auther_id, name, price) 
    values
        (?, ?, ?, ?, ?, ?, ?, ?, ?)
2022-12-10 19:28:54,797 INFO org.springframework.boot.admin.SpringApplicationAdminMXBeanRegistrar$SpringApplicationAdmin [RMI TCP Connection(9)-127.0.0.1] Application shutdown requested.
2022-12-10 19:28:54,816 INFO org.apache.juli.logging.DirectJDKLog [RMI TCP Connection(9)-127.0.0.1] Pausing ProtocolHandler ["http-nio-8082"]
2022-12-10 19:28:54,817 INFO org.apache.juli.logging.DirectJDKLog [RMI TCP Connection(9)-127.0.0.1] Stopping service [Tomcat]
2022-12-10 19:28:54,822 INFO org.apache.juli.logging.DirectJDKLog [RMI TCP Connection(9)-127.0.0.1] Stopping ProtocolHandler ["http-nio-8082"]
2022-12-10 19:28:54,825 INFO org.apache.juli.logging.DirectJDKLog [RMI TCP Connection(9)-127.0.0.1] Destroying ProtocolHandler ["http-nio-8082"]
2022-12-10 19:28:54,829 INFO org.springframework.orm.jpa.AbstractEntityManagerFactoryBean [RMI TCP Connection(9)-127.0.0.1] Closing JPA EntityManagerFactory for persistence unit 'default'
2022-12-10 19:28:54,832 INFO com.zaxxer.hikari.HikariDataSource [RMI TCP Connection(9)-127.0.0.1] HikariPool-1 - Shutdown initiated...
2022-12-10 19:28:54,844 INFO com.zaxxer.hikari.HikariDataSource [RMI TCP Connection(9)-127.0.0.1] HikariPool-1 - Shutdown completed.
2022-12-10 19:28:58,334 INFO org.hibernate.validator.internal.util.Version [background-preinit] HV000001: Hibernate Validator 6.2.5.Final
2022-12-10 19:28:58,399 INFO org.springframework.boot.StartupInfoLogger [main] Starting DataJpaBooksProjectApplication using Java 17.0.4.1 on LAPTOP-836RRBLI with PID 4232 (C:\Users\Admin\Documents\workspace-spring-tool-suite-4-4.16.0.RELEASE\repo\data-jpa-Books-project\target\classes started by Admin in C:\Users\Admin\Documents\workspace-spring-tool-suite-4-4.16.0.RELEASE\repo\data-jpa-Books-project)
2022-12-10 19:28:58,401 INFO org.springframework.boot.SpringApplication [main] No active profile set, falling back to 1 default profile: "default"
2022-12-10 19:28:59,477 INFO org.springframework.data.repository.config.RepositoryConfigurationDelegate [main] Bootstrapping Spring Data JPA repositories in DEFAULT mode.
2022-12-10 19:28:59,595 INFO org.springframework.data.repository.config.RepositoryConfigurationDelegate [main] Finished Spring Data repository scanning in 102 ms. Found 2 JPA repository interfaces.
2022-12-10 19:29:00,571 INFO org.springframework.boot.web.embedded.tomcat.TomcatWebServer [main] Tomcat initialized with port(s): 8082 (http)
2022-12-10 19:29:00,573 INFO org.apache.juli.logging.DirectJDKLog [main] Loaded Apache Tomcat Native library [1.2.33] using APR version [1.7.0].
2022-12-10 19:29:00,574 INFO org.apache.juli.logging.DirectJDKLog [main] APR capabilities: IPv6 [true], sendfile [true], accept filters [false], random [true], UDS [true].
2022-12-10 19:29:00,575 INFO org.apache.juli.logging.DirectJDKLog [main] APR/OpenSSL configuration: useAprConnector [false], useOpenSSL [true]
2022-12-10 19:29:00,582 INFO org.apache.juli.logging.DirectJDKLog [main] OpenSSL successfully initialized [OpenSSL 1.1.1o  3 May 2022]
2022-12-10 19:29:00,598 INFO org.apache.juli.logging.DirectJDKLog [main] Initializing ProtocolHandler ["http-nio-8082"]
2022-12-10 19:29:00,599 INFO org.apache.juli.logging.DirectJDKLog [main] Starting service [Tomcat]
2022-12-10 19:29:00,602 INFO org.apache.juli.logging.DirectJDKLog [main] Starting Servlet engine: [Apache Tomcat/9.0.68]
2022-12-10 19:29:00,820 INFO org.apache.juli.logging.DirectJDKLog [main] Initializing Spring embedded WebApplicationContext
2022-12-10 19:29:00,821 INFO org.springframework.boot.web.servlet.context.ServletWebServerApplicationContext [main] Root WebApplicationContext: initialization completed in 2343 ms
2022-12-10 19:29:01,067 INFO org.hibernate.jpa.internal.util.LogHelper [main] HHH000204: Processing PersistenceUnitInfo [name: default]
2022-12-10 19:29:01,138 INFO org.hibernate.Version [main] HHH000412: Hibernate ORM core version 5.6.12.Final
2022-12-10 19:29:01,454 INFO org.hibernate.annotations.common.reflection.java.JavaReflectionManager [main] HCANN000001: Hibernate Commons Annotations {5.1.2.Final}
2022-12-10 19:29:01,621 INFO com.zaxxer.hikari.HikariDataSource [main] HikariPool-1 - Starting...
2022-12-10 19:29:02,250 INFO com.zaxxer.hikari.HikariDataSource [main] HikariPool-1 - Start completed.
2022-12-10 19:29:02,279 INFO org.hibernate.dialect.Dialect [main] HHH000400: Using dialect: org.hibernate.dialect.MySQL8Dialect
2022-12-10 19:29:03,592 INFO org.hibernate.engine.transaction.jta.platform.internal.JtaPlatformInitiator [main] HHH000490: Using JtaPlatform implementation: [org.hibernate.engine.transaction.jta.platform.internal.NoJtaPlatform]
2022-12-10 19:29:03,607 INFO org.springframework.orm.jpa.AbstractEntityManagerFactoryBean [main] Initialized JPA EntityManagerFactory for persistence unit 'default'
2022-12-10 19:29:04,499 WARN org.springframework.boot.autoconfigure.orm.jpa.JpaBaseConfiguration$JpaWebConfiguration [main] spring.jpa.open-in-view is enabled by default. Therefore, database queries may be performed during view rendering. Explicitly configure spring.jpa.open-in-view to disable this warning
2022-12-10 19:29:05,068 INFO org.apache.juli.logging.DirectJDKLog [main] Starting ProtocolHandler ["http-nio-8082"]
2022-12-10 19:29:05,112 INFO org.springframework.boot.web.embedded.tomcat.TomcatWebServer [main] Tomcat started on port(s): 8082 (http) with context path ''
2022-12-10 19:29:05,128 INFO org.springframework.boot.StartupInfoLogger [main] Started DataJpaBooksProjectApplication in 7.406 seconds (JVM running for 8.962)
2022-12-10 19:29:05,300 DEBUG org.hibernate.engine.jdbc.spi.SqlStatementLogger [main] 
    insert 
    into
        authers
        (created_by, created_date, is_deleted, last_modified_by, last_modified_date, status_code, email, ip_address, name) 
    values
        (?, ?, ?, ?, ?, ?, ?, ?, ?)
2022-12-10 19:29:05,330 DEBUG org.hibernate.engine.jdbc.spi.SqlStatementLogger [main] 
    insert 
    into
        authers
        (created_by, created_date, is_deleted, last_modified_by, last_modified_date, status_code, email, ip_address, name) 
    values
        (?, ?, ?, ?, ?, ?, ?, ?, ?)
2022-12-10 19:29:05,335 DEBUG org.hibernate.engine.jdbc.spi.SqlStatementLogger [main] 
    insert 
    into
        authers
        (created_by, created_date, is_deleted, last_modified_by, last_modified_date, status_code, email, ip_address, name) 
    values
        (?, ?, ?, ?, ?, ?, ?, ?, ?)
2022-12-10 19:29:05,415 DEBUG org.hibernate.engine.jdbc.spi.SqlStatementLogger [main] 
    insert 
    into
        books
        (created_by, created_date, is_deleted, last_modified_by, last_modified_date, status_code, auther_id, name, price) 
    values
        (?, ?, ?, ?, ?, ?, ?, ?, ?)
2022-12-10 19:29:05,423 DEBUG org.hibernate.engine.jdbc.spi.SqlStatementLogger [main] 
    insert 
    into
        books
        (created_by, created_date, is_deleted, last_modified_by, last_modified_date, status_code, auther_id, name, price) 
    values
        (?, ?, ?, ?, ?, ?, ?, ?, ?)
2022-12-10 19:29:05,428 DEBUG org.hibernate.engine.jdbc.spi.SqlStatementLogger [main] 
    insert 
    into
        books
        (created_by, created_date, is_deleted, last_modified_by, last_modified_date, status_code, auther_id, name, price) 
    values
        (?, ?, ?, ?, ?, ?, ?, ?, ?)
2022-12-10 19:40:15,262 INFO org.springframework.boot.admin.SpringApplicationAdminMXBeanRegistrar$SpringApplicationAdmin [RMI TCP Connection(22)-127.0.0.1] Application shutdown requested.
2022-12-10 19:40:15,362 INFO org.apache.juli.logging.DirectJDKLog [RMI TCP Connection(22)-127.0.0.1] Pausing ProtocolHandler ["http-nio-8082"]
2022-12-10 19:40:15,363 INFO org.apache.juli.logging.DirectJDKLog [RMI TCP Connection(22)-127.0.0.1] Stopping service [Tomcat]
2022-12-10 19:40:15,369 INFO org.apache.juli.logging.DirectJDKLog [RMI TCP Connection(22)-127.0.0.1] Stopping ProtocolHandler ["http-nio-8082"]
2022-12-10 19:40:15,372 INFO org.apache.juli.logging.DirectJDKLog [RMI TCP Connection(22)-127.0.0.1] Destroying ProtocolHandler ["http-nio-8082"]
2022-12-10 19:40:15,378 INFO org.springframework.orm.jpa.AbstractEntityManagerFactoryBean [RMI TCP Connection(22)-127.0.0.1] Closing JPA EntityManagerFactory for persistence unit 'default'
2022-12-10 19:40:15,381 INFO com.zaxxer.hikari.HikariDataSource [RMI TCP Connection(22)-127.0.0.1] HikariPool-1 - Shutdown initiated...
2022-12-10 19:40:15,396 INFO com.zaxxer.hikari.HikariDataSource [RMI TCP Connection(22)-127.0.0.1] HikariPool-1 - Shutdown completed.
